T78_L1.fas	AT1G01290.2	74.52	467	114	4	186	652	543	1004	3e-79	  297
T78_L1.fas	AT1G01290.1	74.52	467	114	4	186	652	543	1004	3e-79	  297
T78_L100.fas	AT1G74640.1	77.44	328	70	4	84	411	517	840	3e-64	  246
T78_L101.fas	AT1G74640.1	77.33	150	34	0	66	215	1196	1345	6e-26	  118
T78_L102.fas	AT1G74640.1	75.05	461	113	2	95	555	1428	1886	1e-82	  307
T78_L103.fas	AT1G75010.1	82.32	181	32	0	207	387	4730	4910	3e-45	  183
T78_L104.fas	AT1G75200.1	75.82	368	68	12	3	357	1087	1446	1e-61	  237
T78_L105.fas	AT1G75200.1	72.89	391	92	5	88	474	1688	2068	2e-58	  226
T78_L106.fas	AT1G75200.1	82.84	169	28	1	184	352	2150	2317	5e-42	  172
T78_L108.fas	AT1G77090.1	79.67	241	48	1	106	346	944	1183	6e-54	  212
T78_L108.fas	AT1G77090.1	85.29	68	10	0	435	502	1280	1347	9e-14	78.8
T78_L109.fas	AT1G77290.2	74.91	546	126	8	55	598	848	1384	2e-94	  347
T78_L109.fas	AT1G77290.1	74.91	546	126	8	55	598	905	1441	2e-94	  347
T78_L11.fas	AT1G03650.1	73.33	225	58	2	84	308	711	933	1e-29	  131
T78_L110.fas	AT1G77550.1	77.45	275	62	0	82	356	1549	1823	2e-55	  217
T78_L111.fas	AT1G77550.1	79.88	169	33	1	88	256	3169	3336	4e-35	  149
T78_L112.fas	AT1G77550.1	76.58	333	76	2	40	372	3409	3739	1e-63	  244
T78_L113.fas	AT1G78010.1	79.34	213	44	0	171	383	1406	1618	2e-46	  187
T78_L113.fas	AT1G78010.1	79.84	124	25	0	1	124	1181	1304	1e-23	  111
T78_L114.fas	AT1G78010.1	72.82	206	56	0	200	405	2598	2803	3e-26	  120
T78_L115.fas	AT1G78630.1	83.17	202	30	4	180	381	600	797	3e-50	  199
T78_L116.fas	AT1G79190.1	73.58	318	80	4	81	397	676	990	9e-45	  181
T78_L117.fas	AT1G79890.1	80.72	363	69	1	88	450	1149	1510	2e-91	  336
T78_L118.fas	AT1G79890.1	83.90	236	38	0	81	316	2331	2566	4e-67	  255
T78_L119.fas	AT1G79890.1	70.50	583	136	4	2	584	2672	3218	9e-78	  291
T78_L121.fas	AT2G02590.1	76.81	401	93	0	2	402	1156	1556	1e-81	  304
T78_L122.fas	AT2G02955.1	69.23	559	158	12	15	570	871	1418	2e-49	  197
T78_L122.fas	AT4G01340.1	69.52	351	100	5	224	570	1555	1902	1e-31	  138
T78_L123.fas	AT2G03667.1	73.24	213	54	1	57	266	2184	2396	6e-28	  125
T78_L124.fas	AT2G03780.1	79.53	215	44	0	62	276	1185	1399	1e-47	  190
T78_L125.fas	AT2G04270.5	83.01	312	53	0	153	464	2543	2854	2e-87	  324
T78_L125.fas	AT2G04270.2	83.01	312	53	0	153	464	2644	2955	2e-87	  324
T78_L125.fas	AT2G04270.3	83.01	312	53	0	153	464	1340	1651	2e-87	  324
T78_L125.fas	AT2G04270.4	83.01	312	53	0	153	464	1340	1651	2e-87	  324
T78_L125.fas	AT2G04270.1	83.01	312	53	0	153	464	2771	3082	2e-87	  324
T78_L126.fas	AT2G04560.1	67.47	249	70	5	56	299	1507	1749	9e-12	71.6
T78_L127.fas	AT2G04690.2	76.67	210	46	2	184	393	972	1178	4e-36	  152
T78_L127.fas	AT2G04690.1	76.67	210	46	2	184	393	972	1178	4e-36	  152
T78_L128.fas	AT2G04740.1	75.14	728	145	15	17	741	895	1589	7e-131	  468
T78_L129.fas	AT2G05120.2	76.54	716	167	1	4	719	2554	3268	8e-150	  531
T78_L129.fas	AT2G05120.1	76.54	716	167	1	4	719	2500	3214	8e-150	  531
T78_L13.fas	AT1G04010.1	71.73	474	110	11	1	466	1920	2377	3e-58	  226
T78_L130.fas	AT2G05120.2	70.05	434	104	8	148	573	4427	4842	1e-45	  185
T78_L130.fas	AT2G05120.1	70.05	434	104	8	148	573	4373	4788	1e-45	  185
T78_L132.fas	AT2G05170.1	85.17	317	47	0	108	424	3070	3386	2e-98	  360
T78_L133.fas	AT2G05830.4	74.85	517	111	8	22	528	1509	2016	8e-92	  338
T78_L133.fas	AT2G05830.3	74.85	517	111	8	22	528	1467	1974	8e-92	  338
T78_L133.fas	AT2G05830.2	74.85	517	111	8	22	528	1473	1980	8e-92	  338
T78_L133.fas	AT2G05830.1	74.85	517	111	8	22	528	1572	2079	8e-92	  338
T78_L134.fas	AT2G17510.2	81.38	247	45	1	210	456	1834	2079	5e-61	  235
T78_L134.fas	AT2G17510.1	81.38	247	45	1	210	456	1492	1737	5e-61	  235
T78_L135.fas	AT2G17510.2	78.40	250	53	1	45	294	2605	2853	8e-52	  205
T78_L135.fas	AT2G17510.2	82.61	92	14	2	378	468	2990	3080	2e-16	87.8
T78_L135.fas	AT2G17510.1	78.40	250	53	1	45	294	2263	2511	8e-52	  205
T78_L135.fas	AT2G17510.1	82.61	92	14	2	378	468	2648	2738	2e-16	87.8
T78_L136.fas	AT2G17972.1	75.26	190	45	2	207	396	334	521	6e-28	  125
T78_L137.fas	AT2G17975.1	78.07	187	36	5	74	259	25	207	3e-31	  136
T78_L138.fas	AT2G18030.1	77.64	161	32	4	188	348	254	410	8e-26	  118
T78_L138.fas	AT2G18030.2	77.64	161	32	4	188	348	295	451	8e-26	  118
T78_L139.fas	AT2G20330.1	79.05	210	44	0	246	455	1021	1230	9e-45	  181
T78_L140.fas	AT2G20330.1	70.02	477	115	10	1	474	1605	2056	3e-51	  203
T78_L141.fas	AT2G20330.1	69.78	556	145	10	122	677	2138	2670	2e-62	  241
T78_L143.fas	AT2G20790.1	72.00	832	185	15	1	821	1356	2150	6e-120	  432
T78_L143.fas	AT2G20790.3	72.00	832	185	15	1	821	1303	2097	6e-120	  432
T78_L143.fas	AT2G20790.2	72.00	832	185	15	1	821	1303	2097	6e-120	  432
T78_L145.fas	AT2G21370.2	80.62	227	42	2	272	498	788	1012	4e-52	  206
T78_L145.fas	AT2G21370.2	69.50	141	37	3	1	141	503	637	4e-07	57.2
T78_L145.fas	AT2G21370.1	80.62	227	42	2	272	498	772	996	4e-52	  206
T78_L145.fas	AT2G21370.1	69.50	141	37	3	1	141	487	621	4e-07	57.2
T78_L146.fas	AT2G21370.2	74.65	284	69	3	111	393	1562	1843	1e-43	  178
T78_L146.fas	AT2G21370.1	74.65	284	69	3	111	393	1546	1827	1e-43	  178
T78_L147.fas	AT2G21370.2	83.53	85	14	0	43	127	1947	2031	1e-17	91.5
T78_L147.fas	AT2G21370.2	70.48	166	47	2	238	403	2324	2487	4e-12	73.4
T78_L147.fas	AT2G21370.1	83.53	85	14	0	43	127	1931	2015	1e-17	91.5
T78_L147.fas	AT2G21370.1	70.48	166	47	2	238	403	2308	2471	4e-12	73.4
T78_L148.fas	AT2G21710.1	77.25	422	91	5	34	454	786	1203	1e-83	  311
T78_L149.fas	AT2G21710.1	77.29	229	52	0	37	265	1265	1493	2e-44	  179
T78_L15.fas	AT1G07910.2	72.76	301	80	2	196	496	4895	5193	7e-41	  168
T78_L15.fas	AT1G07910.1	72.76	301	80	2	196	496	5511	5809	7e-41	  168
T78_L151.fas	AT2G22370.1	80.32	371	67	4	156	524	624	990	3e-89	  329
T78_L152.fas	AT2G25830.1	82.42	165	29	0	137	301	1015	1179	2e-40	  167
T78_L152.fas	AT2G25830.1	83.72	86	11	3	359	444	1458	1540	6e-15	82.4
T78_L153.fas	AT2G25830.1	83.97	287	45	1	42	328	1458	1743	7e-83	  307
T78_L154.fas	AT2G26680.1	75.71	387	74	15	160	540	345	717	7e-61	  235
T78_L155.fas	AT2G28450.2	76.59	252	59	0	156	407	3609	3860	8e-47	  188
T78_L155.fas	AT2G28450.1	76.59	252	59	0	156	407	3464	3715	8e-47	  188
T78_L156.fas	AT2G30100.1	68.65	791	231	8	57	839	912	1693	4e-78	  293
T78_L157.fas	AT2G30410.2	78.62	159	32	1	154	312	613	769	3e-30	  132
T78_L157.fas	AT2G30410.1	78.62	159	32	1	154	312	523	679	3e-30	  132
T78_L158.fas	AT2G30710.1	80.14	282	56	0	90	371	1820	2101	1e-67	  257
T78_L159.fas	AT2G31530.1	83.80	216	33	2	248	463	719	932	3e-58	  226
T78_L16.fas	AT1G07970.1	77.31	216	46	1	52	264	1730	1945	2e-40	  167
T78_L16.fas	AT1G07970.1	82.89	76	13	0	404	479	2262	2337	8e-14	78.8
T78_L160.fas	AT2G34090.3	87.28	173	22	0	93	265	1370	1542	1e-54	  214
T78_L160.fas	AT2G34090.2	87.28	173	22	0	93	265	1338	1510	1e-54	  214
T78_L160.fas	AT2G34090.1	87.28	173	22	0	93	265	1338	1510	1e-54	  214
T78_L160.fas	AT2G34110.1	87.28	173	22	0	93	265	5378	5206	1e-54	  214
T78_L163.fas	AT2G35610.1	84.89	278	39	1	105	379	1775	2052	1e-83	  311
T78_L164.fas	AT2G36895.2	80.23	177	35	0	211	387	994	1170	1e-38	  161
T78_L164.fas	AT2G36895.1	80.23	177	35	0	211	387	975	1151	1e-38	  161
T78_L165.fas	AT2G37560.2	74.69	241	59	2	65	304	1655	1894	1e-36	  154
T78_L165.fas	AT2G37560.1	74.69	241	59	2	65	304	1658	1897	1e-36	  154
T78_L165.fas	AT4G29940.2	81.58	38	7	0	214	251	3605	3642	0.24	37.4
T78_L165.fas	AT4G29940.1	81.58	38	7	0	214	251	3681	3718	0.24	37.4
T78_L166.fas	AT2G37560.2	80.93	236	45	0	150	385	2035	2270	4e-57	  223
T78_L166.fas	AT2G37560.2	70.56	180	52	1	466	645	2269	2447	3e-15	84.2
T78_L166.fas	AT2G37560.1	80.93	236	45	0	150	385	2038	2273	4e-57	  223
T78_L166.fas	AT2G37560.1	70.56	180	52	1	466	645	2272	2450	3e-15	84.2
T78_L167.fas	AT2G38270.1	76.86	484	105	5	6	488	1237	1714	2e-97	  356
T78_L167.fas	AT4G04950.1	86.67	30	4	0	427	456	2016	2045	0.29	37.4
T78_L167.fas	AT3G15660.2	75.47	53	13	0	394	446	1226	1278	0.29	37.4
T78_L167.fas	AT3G15660.1	75.47	53	13	0	394	446	1202	1254	0.29	37.4
T78_L168.fas	AT2G39910.1	74.77	218	55	0	86	303	1499	1716	2e-34	  147
T78_L169.fas	AT2G40570.2	76.17	491	108	6	68	558	935	1416	2e-92	  340
T78_L169.fas	AT2G40570.1	76.17	491	108	6	68	558	935	1416	2e-92	  340
T78_L17.fas	AT1G07970.1	77.38	389	85	1	182	570	2467	2852	1e-81	  304
T78_L170.fas	AT2G40690.1	67.38	604	145	17	9	590	694	1267	3e-52	  206
T78_L171.fas	AT2G40760.1	80.62	258	50	0	121	378	556	813	1e-62	  241
T78_L172.fas	AT2G40760.1	77.01	348	78	2	75	422	1534	1879	1e-68	  260
T78_L173.fas	AT2G41530.1	83.33	210	35	0	35	244	1065	1274	8e-57	  221
T78_L174.fas	AT2G44360.1	78.87	194	41	0	188	381	601	794	8e-40	  165
T78_L174.fas	AT2G44360.1	78.26	69	14	1	41	109	432	499	1e-06	55.4
T78_L175.fas	AT2G44580.1	68.97	593	162	10	174	766	576	1146	6e-57	  223
T78_L177.fas	AT2G44660.1	76.98	252	56	2	57	308	1331	1580	2e-46	  187
T78_L178.fas	AT2G44760.1	75.39	256	54	5	84	333	524	776	8e-40	  165
T78_L179.fas	AT2G44760.1	72.99	411	102	6	19	425	1450	1855	9e-58	  224
T78_L18.fas	AT1G08030.1	78.01	291	58	3	160	450	1290	1574	3e-59	  230
T78_L180.fas	AT2G45280.2	75.53	237	57	1	205	441	1139	1374	2e-39	  163
T78_L180.fas	AT2G45280.2	77.78	81	18	0	33	113	989	1069	5e-10	66.2
T78_L180.fas	AT2G45280.1	75.53	237	57	1	205	441	1139	1374	2e-39	  163
T78_L180.fas	AT2G45280.1	77.78	81	18	0	33	113	989	1069	5e-10	66.2
T78_L181.fas	AT2G45990.4	78.74	174	37	0	182	355	647	820	2e-34	  147
T78_L181.fas	AT2G45990.3	78.74	174	37	0	182	355	694	867	2e-34	  147
T78_L181.fas	AT2G45990.2	78.74	174	37	0	182	355	694	867	2e-34	  147
T78_L181.fas	AT2G45990.1	78.74	174	37	0	182	355	694	867	2e-34	  147
T78_L182.fas	AT2G46560.1	80.09	211	41	1	3	213	8278	8487	7e-47	  188
T78_L182.fas	AT2G46560.1	78.75	160	33	1	286	445	8668	8826	5e-30	  132
T78_L183.fas	AT2G46560.1	80.69	233	45	0	161	393	8927	9159	1e-55	  217
T78_L184.fas	AT2G46560.1	80.77	156	30	0	273	428	9858	10013	3e-34	  147
T78_L184.fas	AT2G46560.1	87.27	55	7	0	135	189	9717	9771	2e-10	68.0
T78_L184.fas	AT2G46560.1	74.23	97	23	2	540	635	10169	10264	1e-06	55.4
T78_L186.fas	AT2G47760.3	69.16	321	79	10	108	427	906	1207	1e-23	  111
T78_L186.fas	AT2G47760.2	69.16	321	79	10	108	427	906	1207	1e-23	  111
T78_L186.fas	AT2G47760.1	69.16	321	79	10	108	427	906	1207	1e-23	  111
T78_L187.fas	AT2G48070.3	80.44	225	43	1	114	338	373	596	8e-52	  205
T78_L187.fas	AT2G48070.2	80.44	225	43	1	114	338	346	569	8e-52	  205
T78_L187.fas	AT2G48070.1	80.44	225	43	1	114	338	346	569	8e-52	  205
T78_L188.fas	AT2G48120.2	70.10	204	49	3	254	448	1425	1625	1e-17	91.5
T78_L188.fas	AT2G48120.1	70.10	204	49	3	254	448	1425	1625	1e-17	91.5
T78_L189.fas	AT3G01160.1	79.29	169	35	0	59	227	1267	1435	1e-34	  147
T78_L19.fas	AT1G08710.2	76.24	202	42	5	104	303	786	983	5e-30	  132
T78_L19.fas	AT1G08710.1	76.24	202	42	5	104	303	786	983	5e-30	  132
T78_L191.fas	AT3G01660.1	74.46	372	84	11	140	510	211	572	9e-53	  208
T78_L192.fas	AT3G01720.1	77.47	253	57	0	40	292	1105	1357	3e-50	  199
T78_L192.fas	AT3G01720.1	68.88	196	49	6	103	292	2621	2810	6e-09	62.6
T78_L194.fas	AT3G01720.1	73.67	490	122	7	49	535	1741	2226	7e-74	  279
T78_L195.fas	AT3G01720.1	81.25	176	32	1	27	202	2296	2470	4e-40	  165
T78_L197.fas	AT3G01720.1	75.85	323	74	4	68	390	2878	3196	1e-56	  221
T78_L198.fas	AT3G02760.1	83.33	186	31	0	234	419	1422	1607	5e-49	  196
T78_L199.fas	AT3G02760.1	82.96	270	45	1	105	374	1689	1957	2e-73	  277
T78_L2.fas	AT1G01930.1	78.23	271	59	0	398	668	1828	2098	5e-57	  223
T78_L20.fas	AT1G09010.1	75.40	187	41	2	88	272	1648	1831	1e-28	  127
T78_L200.fas	AT3G03790.3	75.00	300	68	5	76	374	1192	1485	7e-47	  188
T78_L200.fas	AT3G03790.1	75.00	300	68	5	76	374	1192	1485	7e-47	  188
T78_L200.fas	AT3G03790.2	75.00	300	68	5	76	374	1192	1485	7e-47	  188
T78_L201.fas	AT3G03790.3	79.29	309	59	3	127	431	2819	3126	1e-68	  260
T78_L201.fas	AT3G03790.1	79.29	309	59	3	127	431	2819	3126	1e-68	  260
T78_L201.fas	AT3G03790.2	79.29	309	59	3	127	431	2819	3126	1e-68	  260
T78_L202.fas	AT3G03790.3	70.95	420	109	7	35	444	3270	3686	3e-50	  199
T78_L202.fas	AT3G03790.1	70.95	420	109	7	35	444	3270	3686	3e-50	  199
T78_L202.fas	AT3G03790.2	70.95	420	109	7	35	444	3270	3686	3e-50	  199
T78_L203.fas	AT3G03790.3	71.29	505	123	11	2	498	4208	4698	1e-58	  228
T78_L203.fas	AT3G03790.1	71.29	505	123	11	2	498	4208	4698	1e-58	  228
T78_L203.fas	AT3G03790.2	71.29	505	123	11	2	498	4208	4698	1e-58	  228
T78_L204.fas	AT3G03790.3	72.07	426	113	2	145	564	5101	5526	9e-59	  228
T78_L204.fas	AT3G03790.1	72.07	426	113	2	145	564	5101	5526	9e-59	  228
T78_L204.fas	AT3G03790.2	72.07	426	113	2	145	564	5101	5526	9e-59	  228
T78_L205.fas	AT3G04260.1	84.50	200	28	3	212	411	943	1139	5e-54	  212
T78_L206.fas	AT3G04260.1	85.00	180	27	0	99	278	2107	2286	3e-51	  203
T78_L207.fas	AT3G04260.1	79.49	468	87	8	1	468	2467	2925	5e-107	  389
T78_L208.fas	AT3G04260.1	83.25	191	32	0	80	270	3540	3730	9e-51	  201
T78_L209.fas	AT3G04560.1	76.75	271	63	0	109	379	1635	1905	8e-52	  205
T78_L21.fas	AT1G09010.1	81.04	211	40	0	97	307	1912	2122	8e-51	  201
T78_L210.fas	AT3G04970.2	73.09	353	80	6	221	570	714	1054	3e-51	  203
T78_L210.fas	AT3G04970.1	73.09	353	80	6	221	570	715	1055	3e-51	  203
T78_L211.fas	AT3G05480.3	71.96	460	113	8	137	586	1099	1552	7e-60	  232
T78_L211.fas	AT3G05480.2	71.96	460	113	8	137	586	1099	1552	7e-60	  232
T78_L211.fas	AT3G05480.1	71.96	460	113	8	137	586	1067	1520	7e-60	  232
T78_L213.fas	AT3G06950.1	73.71	251	62	2	104	350	1326	1576	1e-35	  150
T78_L213.fas	AT3G06960.1	84.62	52	7	1	300	350	2339	2288	8e-07	55.4
T78_L214.fas	AT3G08840.3	71.95	221	58	2	189	407	2587	2805	1e-24	  114
T78_L214.fas	AT3G08840.3	77.63	76	14	1	1	76	2301	2373	1e-07	59.0
T78_L214.fas	AT3G08840.3	79.03	62	13	0	488	549	2900	2961	4e-06	53.6
T78_L214.fas	AT3G08840.1	71.95	221	58	2	189	407	2624	2842	1e-24	  114
T78_L214.fas	AT3G08840.1	77.63	76	14	1	1	76	2338	2410	1e-07	59.0
T78_L214.fas	AT3G08840.1	79.03	62	13	0	488	549	2937	2998	4e-06	53.6
T78_L214.fas	AT3G08840.2	71.95	221	58	2	189	407	2587	2805	1e-24	  114
T78_L214.fas	AT3G08840.2	77.63	76	14	1	1	76	2301	2373	1e-07	59.0
T78_L214.fas	AT3G08840.2	79.03	62	13	0	488	549	2900	2961	4e-06	53.6
T78_L215.fas	AT3G08840.3	71.64	268	53	5	45	310	3329	3575	2e-32	  140
T78_L215.fas	AT3G08840.1	71.64	268	53	5	45	310	3366	3612	2e-32	  140
T78_L215.fas	AT3G08840.2	71.64	268	53	5	45	310	3329	3575	2e-32	  140
T78_L216.fas	AT3G08840.3	77.69	251	56	0	128	378	3992	4242	1e-50	  201
T78_L216.fas	AT3G08840.2	77.69	251	56	0	128	378	3992	4242	1e-50	  201
T78_L217.fas	AT3G08840.3	75.95	262	50	2	28	289	5278	5526	4e-48	  192
T78_L217.fas	AT3G08840.2	75.95	262	50	2	28	289	5278	5526	4e-48	  192
T78_L218.fas	AT3G09580.1	72.13	549	138	15	282	830	913	1446	3e-67	  257
T78_L219.fas	AT3G12040.1	83.02	106	18	0	277	382	1367	1472	2e-23	  111
T78_L22.fas	AT1G09010.1	74.74	685	138	11	25	709	2198	2847	2e-124	  446
T78_L220.fas	AT3G12080.2	79.26	299	61	1	148	446	850	1147	2e-67	  257
T78_L220.fas	AT3G12080.2	84.06	69	10	1	8	76	705	772	4e-12	73.4
T78_L220.fas	AT3G12080.1	79.26	299	61	1	148	446	850	1147	2e-67	  257
T78_L220.fas	AT3G12080.1	84.06	69	10	1	8	76	705	772	4e-12	73.4
T78_L221.fas	AT3G12080.2	81.72	186	34	0	132	317	3347	3532	2e-45	  183
T78_L221.fas	AT3G12080.1	81.72	186	34	0	132	317	3347	3532	2e-45	  183
T78_L222.fas	AT3G15090.1	79.18	245	50	1	97	341	690	933	6e-53	  208
T78_L223.fas	AT3G15090.1	75.65	193	44	2	98	288	1218	1409	4e-30	  132
T78_L224.fas	AT3G15090.1	74.43	176	44	1	163	338	2001	2175	4e-24	  113
T78_L225.fas	AT3G15140.1	76.74	215	48	2	106	320	636	848	9e-38	  158
T78_L226.fas	AT3G16270.1	69.61	793	179	22	3	780	925	1670	4e-84	  313
T78_L228.fas	AT3G16990.1	70.55	275	79	2	101	374	631	904	2e-27	  123
T78_L229.fas	AT3G17040.2	77.64	322	71	1	59	380	1135	1455	2e-66	  253
T78_L229.fas	AT3G17040.2	79.41	68	14	0	499	566	1709	1776	3e-08	60.8
T78_L229.fas	AT3G17040.1	77.64	322	71	1	59	380	1135	1455	2e-66	  253
T78_L229.fas	AT3G17040.1	79.41	68	14	0	499	566	1709	1776	3e-08	60.8
T78_L23.fas	AT1G09010.1	81.62	234	42	1	140	373	3009	3241	8e-58	  224
T78_L230.fas	AT3G17040.2	77.56	254	56	1	121	374	1917	2169	3e-50	  199
T78_L230.fas	AT3G17040.1	77.56	254	56	1	121	374	1917	2169	3e-50	  199
T78_L231.fas	AT3G17040.2	80.00	185	37	0	218	402	2702	2886	3e-40	  167
T78_L231.fas	AT3G17040.1	80.00	185	37	0	218	402	2702	2886	3e-40	  167
T78_L232.fas	AT3G17712.2	77.73	458	98	4	61	518	1022	1475	9e-97	  354
T78_L232.fas	AT3G17712.3	77.73	458	98	4	61	518	987	1440	9e-97	  354
T78_L232.fas	AT3G17712.1	77.73	458	98	4	61	518	987	1440	9e-97	  354
T78_L232.fas	AT3G17740.1	77.73	458	98	4	61	518	934	1387	9e-97	  354
T78_L233.fas	AT3G17740.1	71.89	587	153	9	16	599	1609	2186	1e-76	  288
T78_L233.fas	AT3G17712.2	71.31	589	153	9	16	599	1697	2274	2e-73	  277
T78_L233.fas	AT3G17712.3	71.31	589	153	9	16	599	1662	2239	2e-73	  277
T78_L233.fas	AT3G17712.1	71.31	589	153	9	16	599	1662	2239	2e-73	  277
T78_L235.fas	AT3G17930.1	74.85	167	41	1	156	322	675	840	5e-23	  109
T78_L236.fas	AT3G18480.1	82.20	191	34	0	159	349	917	1107	6e-48	  192
T78_L237.fas	AT3G18630.1	78.95	171	31	5	215	385	769	934	4e-30	  132
T78_L237.fas	AT2G10550.1	78.81	118	20	3	215	332	699	811	4e-18	93.3
T78_L238.fas	AT3G20810.3	79.17	168	35	0	139	306	2245	2412	7e-34	  145
T78_L238.fas	AT3G20810.1	79.17	168	35	0	139	306	2245	2412	7e-34	  145
T78_L238.fas	AT3G20810.2	79.17	168	35	0	139	306	2277	2444	7e-34	  145
T78_L239.fas	AT3G21290.1	78.21	234	50	1	46	279	1282	1514	1e-47	  190
T78_L24.fas	AT1G09010.1	75.00	284	65	3	35	316	3423	3702	1e-45	  185
T78_L24.fas	AT1G09010.1	72.56	164	34	4	592	755	3904	4056	1e-15	86.0
T78_L240.fas	AT3G21300.1	85.45	165	24	0	89	253	1605	1769	2e-47	  190
T78_L240.fas	AT3G21300.1	80.00	95	19	0	372	466	1845	1939	5e-16	86.0
T78_L241.fas	AT3G21300.1	69.79	374	106	3	1	373	1858	2225	2e-40	  167
T78_L242.fas	AT3G21350.2	79.10	201	41	1	158	358	468	667	1e-41	  170
T78_L242.fas	AT3G21350.1	79.10	201	41	1	158	358	468	667	1e-41	  170
T78_L243.fas	AT3G21540.1	78.97	214	42	3	100	313	441	651	1e-42	  174
T78_L244.fas	AT3G21540.1	74.14	553	131	7	60	609	1341	1884	3e-91	  336
T78_L245.fas	AT3G22990.1	77.39	199	45	0	202	400	908	1106	1e-37	  158
T78_L246.fas	AT3G23700.1	76.30	173	40	1	48	220	706	877	6e-28	  125
T78_L246.fas	AT3G23700.1	82.89	76	12	1	320	395	960	1034	3e-13	77.0
T78_L247.fas	AT3G24200.2	72.62	610	145	12	1	607	2384	2974	6e-87	  322
T78_L247.fas	AT3G24200.1	72.62	610	145	12	1	607	2649	3239	6e-87	  322
T78_L248.fas	AT3G24320.1	71.81	376	83	7	9	363	2116	2489	1e-50	  201
T78_L249.fas	AT3G24320.1	79.07	258	53	1	91	348	4339	4595	5e-56	  219
T78_L25.fas	AT1G10030.1	82.38	227	38	2	97	323	1416	1640	8e-58	  224
T78_L250.fas	AT3G24320.1	77.52	298	67	0	117	414	5099	5396	6e-61	  235
T78_L251.fas	AT3G24320.1	77.58	388	86	1	49	436	5486	5872	2e-81	  304
T78_L252.fas	AT3G24320.1	71.28	195	55	1	54	248	6230	6423	3e-19	96.9
T78_L253.fas	AT3G25660.1	78.70	324	64	5	85	408	895	1213	4e-68	  259
T78_L254.fas	AT3G26580.1	82.16	213	37	1	266	478	967	1178	3e-53	  210
T78_L255.fas	AT3G28030.1	70.39	439	104	13	26	457	63	482	9e-46	  185
T78_L256.fas	AT3G28030.1	79.90	194	39	0	183	376	2297	2490	1e-42	  174
T78_L257.fas	AT3G28030.1	83.45	145	23	1	175	318	5037	5181	2e-35	  150
T78_L257.fas	AT3G28030.1	85.71	35	5	0	453	487	5256	5290	0.026	41.0
T78_L258.fas	AT3G28760.2	77.09	179	41	0	69	247	1634	1812	6e-32	  138
T78_L258.fas	AT3G28760.1	77.09	179	41	0	69	247	1642	1820	6e-32	  138
T78_L259.fas	AT3G32930.1	79.70	202	41	0	230	431	987	1188	4e-44	  179
T78_L26.fas	AT1G10310.1	82.84	204	33	2	84	287	1033	1234	6e-52	  205
T78_L261.fas	AT3G46220.3	78.64	323	64	5	28	350	489	806	4e-68	  259
T78_L261.fas	AT3G46220.2	78.64	323	64	5	28	350	489	806	4e-68	  259
T78_L261.fas	AT3G46220.1	78.64	323	64	5	28	350	463	780	4e-68	  259
T78_L262.fas	AT3G46220.3	78.08	292	62	2	89	380	889	1178	2e-60	  233
T78_L262.fas	AT3G46220.2	78.08	292	62	2	89	380	889	1178	2e-60	  233
T78_L262.fas	AT3G46220.1	78.08	292	62	2	89	380	863	1152	2e-60	  233
T78_L263.fas	AT3G47120.1	81.77	181	31	2	154	334	54	232	2e-41	  170
T78_L263.fas	AT5G58790.3	74.59	181	43	3	154	334	114	291	1e-23	  111
T78_L263.fas	AT5G58790.2	74.59	181	43	3	154	334	113	290	1e-23	  111
T78_L263.fas	AT5G58790.1	74.59	181	43	3	154	334	114	291	1e-23	  111
T78_L264.fas	AT3G47390.2	73.76	282	61	10	79	360	2849	3117	4e-36	  152
T78_L264.fas	AT3G47390.1	73.76	282	61	10	79	360	2849	3117	4e-36	  152
T78_L265.fas	AT3G47390.2	74.14	526	115	9	1	510	3612	4132	2e-87	  324
T78_L265.fas	AT3G47390.1	74.14	526	115	9	1	510	3612	4132	2e-87	  324
T78_L266.fas	AT3G47390.2	79.41	272	48	3	123	387	4447	4717	6e-60	  232
T78_L266.fas	AT3G47390.1	79.41	272	48	3	123	387	4447	4717	6e-60	  232
T78_L267.fas	AT3G47390.2	77.37	243	54	1	139	381	5065	5306	2e-46	  187
T78_L267.fas	AT3G47390.1	77.37	243	54	1	139	381	5065	5306	2e-46	  187
T78_L268.fas	AT3G47860.1	79.80	302	61	0	29	330	881	1182	2e-71	  269
T78_L269.fas	AT3G47860.1	73.97	292	66	5	41	330	1257	1540	5e-42	  172
T78_L27.fas	AT1G10310.1	78.77	179	38	0	118	296	1715	1893	4e-36	  152
T78_L272.fas	AT3G50670.2	79.87	149	27	1	253	398	2315	2463	5e-30	  132
T78_L272.fas	AT3G50670.2	80.56	72	14	0	89	160	2150	2221	2e-10	68.0
T78_L272.fas	AT3G50670.1	79.87	149	27	1	253	398	2357	2505	5e-30	  132
T78_L272.fas	AT3G50670.1	80.56	72	14	0	89	160	2192	2263	2e-10	68.0
T78_L273.fas	AT3G51140.1	76.52	379	83	5	119	494	1154	1529	4e-70	  266
T78_L273.fas	AT5G23040.1	65.34	176	59	2	149	323	823	997	1.2	35.6
T78_L275.fas	AT3G53760.1	80.17	232	46	0	179	410	3107	3338	6e-54	  212
T78_L275.fas	AT3G53760.1	83.08	65	11	0	1	65	2879	2943	2e-10	68.0
T78_L276.fas	AT3G53760.1	79.63	162	33	0	208	369	3696	3857	2e-33	  143
T78_L276.fas	AT3G53760.1	87.10	93	12	0	1	93	3433	3525	1e-24	  114
T78_L277.fas	AT3G54010.2	78.11	169	37	0	159	327	1715	1883	3e-32	  140
T78_L277.fas	AT3G54010.1	78.11	169	37	0	159	327	1715	1883	3e-32	  140
T78_L278.fas	AT3G54460.1	77.50	751	153	11	3	750	2710	3447	1e-159	  563
T78_L279.fas	AT3G54460.1	85.00	220	33	0	83	302	3568	3787	8e-65	  248
T78_L279.fas	AT3G54460.1	76.53	98	19	2	381	476	3859	3954	2e-10	68.0
T78_L28.fas	AT1G10830.2	79.82	218	44	0	177	394	747	964	5e-49	  196
T78_L28.fas	AT1G10830.2	80.77	78	14	1	1	78	578	654	1e-11	71.6
T78_L28.fas	AT1G10830.1	79.82	218	44	0	177	394	778	995	5e-49	  196
T78_L28.fas	AT1G10830.1	80.77	78	14	1	1	78	609	685	1e-11	71.6
T78_L280.fas	AT3G54670.3	72.53	466	107	21	86	549	332	778	1e-51	  205
T78_L280.fas	AT3G54670.2	72.53	466	107	21	86	549	137	583	1e-51	  205
T78_L280.fas	AT3G54670.1	72.53	466	107	21	86	549	137	583	1e-51	  205
T78_L281.fas	AT3G54670.3	74.74	392	88	5	151	539	6564	6947	3e-65	  250
T78_L281.fas	AT3G54670.2	74.74	392	88	5	151	539	6369	6752	3e-65	  250
T78_L281.fas	AT3G54670.1	74.74	392	88	5	151	539	6369	6752	3e-65	  250
T78_L282.fas	AT3G54670.3	81.54	260	47	1	149	408	7205	7463	2e-65	  250
T78_L282.fas	AT3G54670.2	81.54	260	47	1	149	408	7010	7268	2e-65	  250
T78_L282.fas	AT3G54670.1	81.54	260	47	1	149	408	7010	7268	2e-65	  250
T78_L283.fas	AT3G54670.3	79.25	241	48	2	150	390	7844	8082	9e-52	  205
T78_L283.fas	AT3G54670.2	79.25	241	48	2	150	390	7649	7887	9e-52	  205
T78_L283.fas	AT3G54670.1	79.25	241	48	2	150	390	7649	7887	9e-52	  205
T78_L284.fas	AT3G55480.2	77.16	197	41	4	139	335	103	295	8e-33	  141
T78_L284.fas	AT3G55480.1	77.16	197	41	4	139	335	103	295	8e-33	  141
T78_L285.fas	AT3G55480.2	84.11	258	41	0	53	310	526	783	1e-74	  280
T78_L285.fas	AT3G55480.1	84.11	258	41	0	53	310	526	783	1e-74	  280
T78_L286.fas	AT3G55480.2	71.49	656	172	12	6	654	857	1504	2e-81	  304
T78_L286.fas	AT3G55480.1	71.49	656	172	12	6	654	857	1504	2e-81	  304
T78_L287.fas	AT3G56040.1	71.46	431	104	8	1	428	924	1338	3e-53	  210
T78_L287.fas	AT3G56040.1	81.05	153	27	1	530	682	1472	1622	3e-33	  143
T78_L288.fas	AT3G56040.1	70.80	548	136	15	1	538	1537	2070	5e-62	  239
T78_L289.fas	AT3G56040.1	76.84	177	40	1	82	258	2421	2596	4e-30	  132
T78_L29.fas	AT1G10830.2	75.00	344	79	6	79	421	1389	1726	1e-55	  217
T78_L29.fas	AT1G10830.1	75.00	344	79	6	79	421	1420	1757	1e-55	  217
T78_L293.fas	AT3G56460.1	76.58	269	58	5	136	404	844	1107	2e-46	  187
T78_L294.fas	AT3G57630.2	83.89	149	24	0	223	371	729	877	1e-38	  161
T78_L294.fas	AT3G57630.1	83.89	149	24	0	223	371	1373	1521	1e-38	  161
T78_L295.fas	AT3G57630.2	78.46	246	49	1	37	282	984	1225	6e-52	  205
T78_L295.fas	AT3G57630.1	78.46	246	49	1	37	282	1628	1869	6e-52	  205
T78_L296.fas	AT3G57630.2	71.59	454	89	13	10	459	2060	2477	3e-58	  226
T78_L296.fas	AT3G57630.2	81.11	90	16	1	563	652	2604	2692	3e-15	84.2
T78_L296.fas	AT3G57630.1	71.59	454	89	13	10	459	2704	3121	3e-58	  226
T78_L296.fas	AT3G57630.1	81.11	90	16	1	563	652	3248	3336	3e-15	84.2
T78_L297.fas	AT3G57630.2	82.79	244	42	0	88	331	2792	3035	6e-66	  251
T78_L297.fas	AT3G57630.1	82.79	244	42	0	88	331	3436	3679	6e-66	  251
T78_L30.fas	AT1G11880.1	72.57	412	82	11	1	388	767	1171	1e-57	  224
T78_L300.fas	AT4G00560.4	75.88	170	39	2	177	346	448	615	3e-25	  116
T78_L300.fas	AT4G00560.2	75.88	170	39	2	177	346	476	643	3e-25	  116
T78_L300.fas	AT4G00560.3	75.88	170	39	2	177	346	476	643	3e-25	  116
T78_L300.fas	AT4G00560.1	75.88	170	39	2	177	346	476	643	3e-25	  116
T78_L301.fas	AT4G01040.1	72.41	348	89	5	81	424	1331	1675	3e-44	  179
T78_L302.fas	AT4G01040.1	77.38	252	53	2	102	351	1791	2040	4e-48	  192
T78_L303.fas	AT4G01860.2	70.05	374	104	4	83	452	2284	2653	4e-38	  159
T78_L303.fas	AT4G01860.1	70.05	374	104	4	83	452	2284	2653	4e-38	  159
T78_L304.fas	AT4G01860.2	75.93	162	36	3	180	340	5299	5458	2e-22	  107
T78_L304.fas	AT4G01860.1	75.93	162	36	3	180	340	5299	5458	2e-22	  107
T78_L305.fas	AT4G01880.1	73.43	286	48	10	161	436	765	1032	4e-38	  159
T78_L305.fas	AT4G01880.1	84.06	69	11	0	596	664	1111	1179	1e-12	75.2
T78_L306.fas	AT4G02460.1	81.23	341	59	5	79	419	551	886	2e-84	  313
T78_L307.fas	AT4G02460.1	76.35	520	117	6	56	574	1241	1755	6e-100	  365
T78_L308.fas	AT4G02790.1	79.47	190	39	0	28	217	1411	1600	2e-40	  167
T78_L309.fas	AT4G03200.2	79.35	247	47	2	69	313	2208	2452	2e-53	  210
T78_L309.fas	AT4G03200.1	79.35	247	47	2	69	313	2208	2452	2e-53	  210
T78_L31.fas	AT1G12470.1	84.13	208	33	0	143	350	4518	4725	8e-59	  228
T78_L310.fas	AT4G03200.2	78.60	257	52	3	24	279	2532	2786	2e-52	  206
T78_L310.fas	AT4G03200.1	78.60	257	52	3	24	279	2532	2786	2e-52	  206
T78_L311.fas	AT4G12640.1	72.96	429	100	8	6	433	2618	3031	3e-60	  233
T78_L312.fas	AT4G14180.1	68.43	624	180	10	108	726	4148	4759	9e-54	  212
T78_L314.fas	AT4G14605.1	71.13	769	207	13	61	828	1282	2036	5e-96	  352
T78_L315.fas	AT4G15010.2	67.29	431	135	5	75	504	1149	1574	6e-29	  129
T78_L315.fas	AT4G15010.3	67.29	431	135	5	75	504	1131	1556	6e-29	  129
T78_L315.fas	AT4G15010.1	67.29	431	135	5	75	504	1154	1579	6e-29	  129
T78_L316.fas	AT4G15520.1	79.80	203	38	3	82	284	27	226	5e-42	  172
T78_L317.fas	AT4G17760.2	78.18	165	35	1	110	274	393	556	4e-30	  132
T78_L317.fas	AT4G17760.1	78.18	165	35	1	110	274	394	557	4e-30	  132
T78_L318.fas	AT4G17760.2	75.11	225	49	1	210	434	1238	1455	5e-37	  156
T78_L318.fas	AT4G17760.1	75.11	225	49	1	210	434	1239	1456	5e-37	  156
T78_L32.fas	AT1G12470.1	74.27	171	44	0	115	285	5497	5667	1e-23	  111
T78_L320.fas	AT4G18270.1	79.07	215	45	0	100	314	2051	2265	7e-46	  185
T78_L321.fas	AT4G18372.1	78.84	241	51	0	164	404	504	744	9e-52	  205
T78_L322.fas	AT4G19900.1	75.00	492	102	17	37	521	369	846	1e-75	  284
T78_L323.fas	AT4G21770.1	73.65	482	112	8	203	676	488	962	7e-74	  279
T78_L324.fas	AT4G24090.1	67.46	378	101	8	46	408	836	1206	2e-23	  111
T78_L325.fas	AT4G27120.2	76.16	365	67	8	63	419	1096	1448	7e-66	  251
T78_L325.fas	AT4G27120.1	76.16	365	67	8	63	419	1008	1360	7e-66	  251
T78_L326.fas	AT4G27600.1	72.06	272	75	1	151	422	637	907	8e-34	  145
T78_L327.fas	AT4G27600.1	80.27	223	44	0	149	371	1495	1717	9e-52	  205
T78_L328.fas	AT4G28020.1	70.97	403	81	9	218	614	717	1089	2e-48	  194
T78_L329.fas	AT4G28740.1	68.58	487	142	5	97	577	661	1142	1e-43	  178
T78_L330.fas	AT4G29070.2	77.44	328	65	6	309	633	559	880	1e-63	  244
T78_L330.fas	AT4G29070.1	77.44	328	65	6	309	633	630	951	1e-63	  244
T78_L331.fas	AT4G30580.1	75.12	422	101	3	67	488	1121	1538	1e-74	  280
T78_L333.fas	AT4G30890.3	74.23	260	61	1	98	351	1847	2106	5e-41	  168
T78_L333.fas	AT4G30890.2	74.23	260	61	1	98	351	1799	2058	5e-41	  168
T78_L333.fas	AT4G30890.1	74.23	260	61	1	98	351	1829	2088	5e-41	  168
T78_L334.fas	AT4G31160.1	80.00	185	37	0	327	511	1603	1787	3e-40	  167
T78_L334.fas	AT5G38130.1	86.67	30	4	0	251	280	475	446	0.35	37.4
T78_L335.fas	AT4G31160.1	71.10	346	98	2	219	564	2142	2485	9e-41	  168
T78_L336.fas	AT4G31160.1	68.94	866	194	19	28	886	2586	3383	7e-94	  345
T78_L337.fas	AT4G31160.1	75.34	292	68	2	154	442	3676	3966	1e-49	  197
T78_L339.fas	AT4G31460.1	76.43	314	70	2	149	460	1037	1348	1e-58	  228
T78_L34.fas	AT1G15390.1	77.35	234	52	1	125	358	755	987	1e-44	  181
T78_L340.fas	AT4G31770.1	82.61	161	28	0	139	299	904	1064	7e-40	  165
T78_L341.fas	AT4G31770.1	70.80	387	92	6	86	472	1186	1551	6e-47	  188
T78_L342.fas	AT4G33030.1	80.10	392	76	2	62	453	1747	2136	4e-95	  349
T78_L344.fas	AT4G36530.2	73.23	254	65	2	44	296	1028	1279	2e-34	  147
T78_L344.fas	AT4G36530.1	73.23	254	65	2	44	296	1028	1279	2e-34	  147
T78_L345.fas	AT4G36530.2	69.17	240	74	0	96	335	1530	1769	3e-20	  100
T78_L345.fas	AT4G36530.1	69.17	240	74	0	96	335	1530	1769	3e-20	  100
T78_L346.fas	AT4G37510.1	83.11	219	37	0	146	364	1593	1811	7e-59	  228
T78_L347.fas	AT4G37510.1	81.16	207	39	0	118	324	1899	2105	1e-49	  197
T78_L348.fas	AT4G37510.1	75.00	312	77	1	150	461	2380	2690	8e-53	  208
T78_L348.fas	AT4G37510.1	81.01	79	15	0	1	79	2198	2276	1e-12	75.2
T78_L348.fas	AT2G48121.1	75.44	281	68	1	181	461	415	694	6e-48	  192
T78_L348.fas	AT2G48121.1	81.01	79	15	0	1	79	217	295	1e-12	75.2
T78_L348.fas	AT2G48121.2	75.44	281	68	1	181	461	235	514	6e-48	  192
T78_L348.fas	AT2G48121.2	81.01	79	15	0	1	79	37	115	1e-12	75.2
T78_L349.fas	AT4G38020.1	73.32	386	97	5	77	459	1093	1475	2e-55	  217
T78_L35.fas	AT1G16540.1	76.65	167	39	0	139	305	1033	1199	5e-28	  125
T78_L350.fas	AT4G38090.4	83.75	160	26	0	82	241	899	1058	4e-42	  172
T78_L350.fas	AT4G38090.3	83.75	160	26	0	82	241	804	963	4e-42	  172
T78_L350.fas	AT4G38090.2	83.75	160	26	0	82	241	804	963	4e-42	  172
T78_L350.fas	AT4G38090.1	83.75	160	26	0	82	241	804	963	4e-42	  172
T78_L352.fas	AT5G01310.1	77.19	469	101	6	36	504	1372	1834	2e-93	  343
T78_L353.fas	AT5G01310.1	74.58	358	85	4	41	397	2309	2661	3e-58	  226
T78_L355.fas	AT5G02250.1	78.80	401	85	0	133	533	3285	3685	2e-92	  340
T78_L356.fas	AT5G04440.1	86.14	202	28	0	231	432	474	675	4e-62	  239
T78_L357.fas	AT5G04520.1	80.17	242	45	3	117	358	390	628	6e-54	  212
T78_L358.fas	AT5G04910.1	79.01	262	53	2	177	438	894	1153	4e-56	  219
T78_L359.fas	AT5G06620.1	80.00	190	35	1	158	344	1483	1672	1e-41	  170
T78_L36.fas	AT1G17160.2	72.31	455	111	9	39	487	264	709	6e-61	  235
T78_L36.fas	AT1G17160.1	72.31	455	111	9	39	487	264	709	6e-61	  235
T78_L360.fas	AT5G07400.1	73.80	271	62	3	77	344	2055	2319	3e-39	  163
T78_L362.fas	AT5G08720.1	79.42	243	50	0	150	392	2581	2823	2e-54	  214
T78_L363.fas	AT5G08720.1	78.57	266	57	0	250	515	3087	3352	4e-57	  223
T78_L363.fas	AT5G08720.1	88.52	61	7	0	38	98	2899	2959	1e-13	78.8
T78_L364.fas	AT5G09230.7	80.56	180	35	0	77	256	1426	1605	1e-40	  167
T78_L364.fas	AT5G09230.4	80.56	180	35	0	77	256	1447	1626	1e-40	  167
T78_L364.fas	AT5G09230.5	80.56	180	35	0	77	256	1523	1702	1e-40	  167
T78_L364.fas	AT5G09230.3	80.56	180	35	0	77	256	1507	1686	1e-40	  167
T78_L364.fas	AT5G09230.1	80.56	180	35	0	77	256	1523	1702	1e-40	  167
T78_L364.fas	AT5G09230.2	80.56	180	35	0	77	256	1502	1681	1e-40	  167
T78_L364.fas	AT5G09230.6	80.56	180	35	0	77	256	1523	1702	1e-40	  167
T78_L366.fas	AT5G10460.1	73.28	232	62	0	97	328	1356	1587	3e-32	  140
T78_L368.fas	AT5G10920.1	80.68	295	56	1	80	374	1341	1634	2e-72	  273
T78_L369.fas	AT3G22800.1	82.86	35	6	0	169	203	1210	1244	0.34	37.4
T78_L37.fas	AT1G17160.2	73.98	196	49	2	217	412	898	1091	1e-25	  118
T78_L37.fas	AT1G17160.1	73.98	196	49	2	217	412	898	1091	1e-25	  118
T78_L370.fas	AT5G11980.1	84.44	302	47	0	62	363	1834	2135	2e-90	  333
T78_L371.fas	AT5G14260.2	80.65	217	42	0	58	274	856	1072	3e-51	  203
T78_L371.fas	AT5G14260.2	89.13	92	9	1	409	500	1148	1238	1e-25	  118
T78_L371.fas	AT5G14260.1	80.65	217	42	0	58	274	861	1077	3e-51	  203
T78_L371.fas	AT5G14260.1	89.13	92	9	1	409	500	1153	1243	1e-25	  118
T78_L371.fas	AT5G14260.3	80.65	217	42	0	58	274	856	1072	3e-51	  203
T78_L371.fas	AT5G14260.3	89.13	92	9	1	409	500	1148	1238	1e-25	  118
T78_L372.fas	AT5G14260.2	82.14	168	29	1	192	359	1634	1800	9e-40	  165
T78_L372.fas	AT5G14260.1	82.14	168	29	1	192	359	1639	1805	9e-40	  165
T78_L372.fas	AT5G14260.3	82.14	168	29	1	192	359	1634	1800	9e-40	  165
T78_L374.fas	AT5G14580.1	79.21	178	36	1	99	276	3451	3627	2e-35	  150
T78_L375.fas	AT5G15170.1	72.38	420	92	9	27	426	1219	1634	2e-59	  230
T78_L376.fas	AT5G15170.1	74.84	159	39	1	47	205	2024	2181	1e-21	  104
T78_L377.fas	AT5G15680.1	77.00	487	102	5	7	493	1898	2374	2e-99	  363
T78_L378.fas	AT5G15680.1	76.21	597	108	8	46	634	2731	3301	3e-122	  439
T78_L379.fas	AT5G15680.1	78.25	653	123	14	6	652	3471	4110	4e-140	  499
T78_L38.fas	AT1G18060.1	75.44	285	61	6	7	286	1087	1367	8e-45	  181
T78_L380.fas	AT5G15680.1	84.83	211	32	0	71	281	4230	4440	1e-61	  237
T78_L381.fas	AT5G15680.1	80.89	738	126	6	43	769	5765	6498	0.0	  684
T78_L382.fas	AT5G16210.1	74.47	423	91	7	46	459	4013	4427	3e-72	  273
T78_L383.fas	AT5G16210.1	71.58	380	79	10	53	428	4554	4908	7e-46	  185
T78_L384.fas	AT5G16610.2	66.17	337	95	6	13	349	2562	2879	5e-17	89.7
T78_L384.fas	AT5G16610.1	66.17	337	95	6	13	349	2562	2879	5e-17	89.7
T78_L385.fas	AT5G16610.2	68.12	207	61	3	70	274	2967	3170	1e-10	68.0
T78_L385.fas	AT5G16610.1	68.12	207	61	3	70	274	2967	3170	1e-10	68.0
T78_L386.fas	AT5G17240.1	68.50	400	118	6	79	472	1334	1731	4e-31	  136
T78_L387.fas	AT5G17520.1	73.35	319	72	8	146	460	752	1061	5e-42	  172
T78_L387.fas	AT5G17523.1	78.19	188	38	2	146	333	734	918	2e-35	  150
T78_L388.fas	AT5G19130.2	78.65	370	75	4	389	758	1215	1580	2e-80	  300
T78_L388.fas	AT5G19130.2	70.88	285	76	5	19	302	905	1183	3e-28	  127
T78_L388.fas	AT5G19130.1	78.65	370	75	4	389	758	1229	1594	2e-80	  300
T78_L388.fas	AT5G19130.1	70.88	285	76	5	19	302	919	1197	3e-28	  127
T78_L389.fas	AT5G19130.2	76.47	170	36	4	3	172	2047	2212	6e-25	  116
T78_L389.fas	AT5G19130.2	75.00	88	21	1	739	826	2772	2858	5e-07	57.2
T78_L389.fas	AT5G19130.1	76.47	170	36	4	3	172	2061	2226	6e-25	  116
T78_L389.fas	AT5G19130.1	75.00	88	21	1	739	826	2786	2872	5e-07	57.2
T78_L39.fas	AT1G19140.1	71.40	458	98	8	13	467	701	1128	1e-62	  241
T78_L39.fas	AT1G19140.2	71.40	458	98	8	13	467	701	1128	1e-62	  241
T78_L390.fas	AT5G19850.1	80.09	231	42	4	111	338	516	745	4e-49	  196
T78_L391.fas	AT5G19940.2	71.88	192	54	0	98	289	846	1037	2e-21	  104
T78_L391.fas	AT5G19940.1	71.88	192	54	0	98	289	846	1037	2e-21	  104
T78_L392.fas	AT5G20170.1	72.73	330	77	4	121	447	2531	2850	3e-45	  183
T78_L393.fas	AT5G20170.1	67.75	307	78	3	62	368	2926	3211	4e-24	  113
T78_L394.fas	AT5G20220.2	81.37	161	27	1	144	301	2201	2361	1e-36	  154
T78_L394.fas	AT5G20220.1	81.37	161	27	1	144	301	2201	2361	1e-36	  154
T78_L396.fas	AT5G20660.1	70.83	528	148	6	69	596	2304	2825	1e-62	  241
T78_L397.fas	AT5G22130.2	79.39	228	38	8	232	459	504	722	4e-43	  176
T78_L397.fas	AT5G22130.1	79.39	228	38	8	232	459	504	722	4e-43	  176
T78_L398.fas	AT5G22130.2	82.04	206	37	0	46	251	872	1077	6e-52	  205
T78_L398.fas	AT5G22130.1	82.04	206	37	0	46	251	872	1077	6e-52	  205
T78_L399.fas	AT5G22130.2	72.76	547	144	3	1	544	1579	2123	3e-83	  309
T78_L399.fas	AT5G22130.1	72.76	547	144	3	1	544	1579	2123	3e-83	  309
T78_L399.fas	AT5G24280.1	77.78	45	10	0	58	102	465	421	0.30	37.4
T78_L4.fas	AT1G02020.2	77.32	194	44	0	101	294	1802	1995	3e-36	  152
T78_L4.fas	AT1G02020.1	77.32	194	44	0	101	294	1802	1995	3e-36	  152
T78_L40.fas	AT1G21370.2	84.49	303	44	3	219	521	765	1064	5e-88	  325
T78_L40.fas	AT1G21370.1	84.49	303	44	3	219	521	664	963	5e-88	  325
T78_L402.fas	AT5G24710.1	84.50	258	39	1	119	376	765	1021	4e-75	  282
T78_L404.fas	AT5G24710.1	86.55	238	31	1	102	339	5504	5740	3e-75	  282
T78_L405.fas	AT5G24710.1	75.37	268	49	4	83	350	6375	6625	2e-46	  187
T78_L406.fas	AT5G24740.1	71.94	474	103	10	128	600	12414	12858	1e-62	  241
T78_L407.fas	AT5G24740.1	77.93	290	63	1	136	425	14312	14600	7e-60	  232
T78_L408.fas	AT5G24740.1	73.08	483	121	7	71	550	18937	19413	1e-69	  264
T78_L409.fas	AT5G26040.2	75.71	177	42	1	223	399	937	1112	3e-27	  123
T78_L409.fas	AT5G26040.2	88.14	59	5	1	480	536	1183	1241	5e-12	73.4
T78_L409.fas	AT5G26040.2	86.44	59	6	2	84	142	802	858	7e-10	66.2
T78_L409.fas	AT5G26040.1	75.71	177	42	1	223	399	937	1112	3e-27	  123
T78_L409.fas	AT5G26040.1	88.14	59	5	1	480	536	1183	1241	5e-12	73.4
T78_L409.fas	AT5G26040.1	86.44	59	6	2	84	142	802	858	7e-10	66.2
T78_L41.fas	AT1G27530.1	72.95	525	107	21	34	558	74	563	8e-72	  271
T78_L411.fas	AT5G30490.2	71.66	367	85	4	73	421	1889	2254	2e-48	  194
T78_L411.fas	AT5G30490.1	71.66	367	85	4	73	421	1908	2273	2e-48	  194
T78_L412.fas	AT5G35220.1	76.83	164	38	0	182	345	2819	2982	6e-28	  125
T78_L412.fas	AT5G35220.1	85.00	60	9	0	30	89	2682	2741	1e-10	68.0
T78_L412.fas	AT5G35210.2	76.92	156	33	1	190	345	8089	8241	9e-26	  118
T78_L412.fas	AT5G35210.2	81.67	60	11	0	30	89	7944	8003	8e-08	59.0
T78_L412.fas	AT5G35210.1	76.92	156	33	1	190	345	8089	8241	9e-26	  118
T78_L412.fas	AT5G35210.1	81.67	60	11	0	30	89	7944	8003	8e-08	59.0
T78_L413.fas	AT5G35400.2	79.77	173	34	1	91	263	2666	2837	1e-35	  150
T78_L413.fas	AT5G35400.1	79.77	173	34	1	91	263	2663	2834	1e-35	  150
T78_L414.fas	AT5G37055.1	72.60	208	45	4	186	387	602	803	1e-23	  111
T78_L415.fas	AT5G37530.2	72.94	425	89	11	1	421	1489	1891	5e-62	  239
T78_L415.fas	AT5G37530.1	72.94	425	89	11	1	421	1459	1861	5e-62	  239
T78_L416.fas	AT5G38520.2	71.33	300	85	1	242	541	1349	1647	6e-36	  152
T78_L416.fas	AT5G38520.1	71.33	300	85	1	242	541	1349	1647	6e-36	  152
T78_L417.fas	AT5G38530.1	81.03	232	42	2	267	498	788	1017	2e-54	  214
T78_L417.fas	AT5G38530.1	76.40	178	40	2	1	178	409	584	7e-28	  125
T78_L418.fas	AT5G38530.1	77.80	518	110	5	28	545	1144	1656	8e-111	  401
T78_L419.fas	AT5G39410.1	72.67	677	168	15	1	676	1319	1979	2e-94	  347
T78_L42.fas	AT1G30070.2	74.52	263	65	2	126	388	744	1004	2e-40	  167
T78_L42.fas	AT1G30070.2	85.25	61	8	1	25	85	591	650	2e-10	68.0
T78_L42.fas	AT1G30070.1	74.52	263	65	2	126	388	755	1015	2e-40	  167
T78_L42.fas	AT1G30070.1	85.25	61	8	1	25	85	602	661	2e-10	68.0
T78_L421.fas	AT5G40850.2	79.31	290	58	2	68	357	1847	2134	3e-64	  246
T78_L421.fas	AT5G40850.1	79.31	290	58	2	68	357	1730	2017	3e-64	  246
T78_L421.fas	AT3G30415.1	76.84	272	61	2	68	339	1230	1499	4e-50	  199
T78_L422.fas	AT5G41150.2	83.23	334	51	5	126	459	578	906	2e-91	  336
T78_L422.fas	AT5G41150.1	83.23	334	51	5	126	459	640	968	2e-91	  336
T78_L423.fas	AT5G41150.1	74.33	483	105	8	36	512	2883	3352	4e-82	  306
T78_L425.fas	AT5G41850.1	73.21	209	55	1	172	380	1302	1509	8e-27	  122
T78_L426.fas	AT5G42370.2	67.81	438	121	8	1	433	1326	1748	6e-36	  152
T78_L426.fas	AT5G42370.1	67.81	438	121	8	1	433	1317	1739	6e-36	  152
T78_L427.fas	AT5G42760.2	74.96	603	141	3	73	675	668	1260	2e-111	  403
T78_L427.fas	AT5G42760.1	74.96	603	141	3	73	675	553	1145	2e-111	  403
T78_L429.fas	AT5G44750.2	75.12	209	52	0	96	304	2812	3020	2e-33	  143
T78_L429.fas	AT5G44750.1	75.12	209	52	0	96	304	2812	3020	2e-33	  143
T78_L43.fas	AT1G31600.3	72.24	299	61	6	164	462	2490	2766	4e-38	  159
T78_L43.fas	AT1G31600.2	72.24	299	61	6	164	462	2523	2799	4e-38	  159
T78_L43.fas	AT1G31600.1	72.24	299	61	6	164	462	2528	2804	4e-38	  159
T78_L430.fas	AT5G46420.1	69.97	303	63	4	132	432	1076	1352	3e-33	  143
T78_L431.fas	AT5G48020.1	72.07	376	81	10	173	534	770	1135	8e-47	  188
T78_L432.fas	AT5G48020.1	80.28	213	41	1	103	315	1380	1591	4e-48	  192
T78_L433.fas	AT5G48470.1	88.89	162	18	0	75	236	726	887	5e-54	  212
T78_L434.fas	AT5G48470.1	79.26	188	39	0	211	398	1261	1448	3e-39	  163
T78_L434.fas	AT5G48470.1	75.00	80	19	1	44	123	1101	1179	1e-05	51.8
T78_L435.fas	AT5G48790.1	77.33	397	74	5	123	503	1200	1596	1e-81	  304
T78_L437.fas	AT5G50290.1	71.90	306	75	10	146	451	100	394	2e-30	  134
T78_L439.fas	AT5G51220.1	83.43	175	29	0	114	288	944	1118	6e-46	  185
T78_L44.fas	AT1G31730.1	74.64	623	131	26	1	623	266	861	7e-92	  338
T78_L440.fas	AT5G51540.1	71.96	214	56	3	114	325	4008	4219	5e-22	  105
T78_L442.fas	AT5G52290.1	72.59	467	113	8	44	504	4378	4835	5e-63	  242
T78_L444.fas	AT5G54080.2	78.43	153	32	1	201	353	93	244	7e-28	  125
T78_L444.fas	AT5G54080.1	78.43	153	32	1	201	353	93	244	7e-28	  125
T78_L446.fas	AT5G54080.2	70.82	449	94	14	116	551	837	1261	1e-50	  201
T78_L446.fas	AT5G54080.1	70.82	449	94	14	116	551	837	1261	1e-50	  201
T78_L447.fas	AT5G54080.2	88.34	163	18	1	217	379	1514	1675	2e-52	  206
T78_L447.fas	AT5G54080.2	77.17	92	17	2	46	136	1333	1421	1e-10	68.0
T78_L447.fas	AT5G54080.1	88.34	163	18	1	217	379	1514	1675	2e-52	  206
T78_L447.fas	AT5G54080.1	77.17	92	17	2	46	136	1333	1421	1e-10	68.0
T78_L448.fas	AT5G54520.1	75.40	504	108	7	14	512	761	1253	2e-91	  336
T78_L449.fas	AT5G54520.1	69.41	376	112	3	47	421	1967	2340	2e-35	  150
T78_L45.fas	AT1G31780.1	72.26	465	98	12	324	767	2020	2474	3e-65	  250
T78_L45.fas	AT1G31780.1	82.52	103	17	1	3	105	1609	1710	1e-20	  102
T78_L451.fas	AT5G55500.1	76.88	160	37	0	54	213	1154	1313	5e-27	  122
T78_L452.fas	AT5G56740.1	67.44	645	196	9	59	695	1987	2625	8e-48	  192
T78_L453.fas	AT5G57040.1	79.62	211	43	0	185	395	825	1035	3e-46	  187
T78_L454.fas	AT5G58220.3	69.77	387	97	7	97	477	973	1345	4e-38	  159
T78_L454.fas	AT5G58220.2	69.77	387	97	7	97	477	971	1343	4e-38	  159
T78_L454.fas	AT5G58220.1	69.77	387	97	7	97	477	971	1343	4e-38	  159
T78_L455.fas	AT5G58250.1	76.79	237	54	1	5	241	382	617	8e-44	  178
T78_L457.fas	AT5G58450.1	83.33	210	33	2	102	311	3383	3590	4e-55	  215
T78_L458.fas	AT5G58760.1	78.43	255	55	0	58	312	2098	2352	6e-54	  212
T78_L459.fas	AT5G60590.2	75.00	188	47	0	83	270	672	859	2e-28	  127
T78_L459.fas	AT5G60590.1	75.00	188	47	0	83	270	676	863	2e-28	  127
T78_L460.fas	AT5G61850.1	74.07	324	76	8	52	375	2227	2542	3e-45	  183
T78_L461.fas	AT5G62140.1	65.10	298	94	6	180	472	163	455	1e-06	55.4
T78_L462.fas	AT5G62840.1	78.17	252	55	0	138	389	537	788	2e-52	  206
T78_L463.fas	AT5G63000.1	79.27	275	56	1	99	373	688	961	1e-61	  237
T78_L464.fas	AT5G63040.2	76.88	359	74	4	99	457	1535	1884	1e-69	  264
T78_L464.fas	AT5G63040.1	76.88	359	74	4	99	457	1466	1815	1e-69	  264
T78_L465.fas	AT5G63040.2	67.58	182	59	0	25	206	1967	2148	5e-09	62.6
T78_L465.fas	AT5G63040.1	67.58	182	59	0	25	206	1898	2079	5e-09	62.6
T78_L466.fas	AT5G63200.1	72.73	253	48	2	171	421	2015	2248	4e-37	  156
T78_L466.fas	AT5G63200.1	78.99	119	23	2	1	119	1763	1879	3e-19	96.9
T78_L467.fas	AT5G63200.1	72.85	361	96	2	163	523	3506	3864	4e-51	  203
T78_L468.fas	AT5G63960.2	73.52	389	73	8	26	406	5136	5502	2e-60	  233
T78_L468.fas	AT5G63960.2	89.47	76	8	0	531	606	5636	5711	9e-21	  102
T78_L468.fas	AT5G63960.1	73.52	389	73	8	26	406	5136	5502	2e-60	  233
T78_L468.fas	AT5G63960.1	89.47	76	8	0	531	606	5636	5711	9e-21	  102
T78_L469.fas	AT5G64250.2	77.27	220	49	1	188	407	1083	1301	5e-41	  168
T78_L469.fas	AT5G64250.1	77.27	220	49	1	188	407	842	1060	5e-41	  168
T78_L47.fas	AT1G34380.2	75.55	229	56	0	35	263	1098	1326	7e-39	  161
T78_L47.fas	AT1G34380.1	75.55	229	56	0	35	263	1078	1306	7e-39	  161
T78_L470.fas	AT5G64250.2	73.21	168	45	0	72	239	1391	1558	2e-20	  100
T78_L470.fas	AT5G64250.1	73.21	168	45	0	72	239	1150	1317	2e-20	  100
T78_L471.fas	AT5G64370.1	79.24	236	49	0	231	466	863	1098	1e-51	  205
T78_L472.fas	AT5G64370.1	85.53	235	33	1	57	291	1165	1398	7e-71	  268
T78_L473.fas	AT5G64630.2	72.96	614	119	16	63	663	1091	1670	2e-92	  340
T78_L473.fas	AT5G64630.1	72.96	614	119	16	63	663	1091	1670	2e-92	  340
T78_L473.fas	AT5G64630.3	72.96	614	119	16	63	663	1005	1584	2e-92	  340
T78_L474.fas	AT5G66090.1	76.41	195	45	1	110	304	1025	1218	9e-33	  141
T78_L475.fas	AT5G66810.1	77.07	157	36	0	111	267	2987	3143	8e-27	  122
T78_L476.fas	AT5G67100.1	69.15	363	98	9	175	535	1192	1542	1e-30	  134
T78_L477.fas	AT5G67100.1	67.66	402	95	9	3	392	2023	2401	1e-30	  134
T78_L478.fas	AT5G67100.1	70.42	409	92	10	29	436	3286	3666	3e-45	  183
T78_L479.fas	AT5G67100.1	72.75	334	79	6	224	556	4097	4419	2e-43	  178
T78_L479.fas	AT5G67100.1	82.93	123	19	2	1	123	3903	4023	1e-26	  122
T78_L480.fas	AT5G67220.1	79.90	209	39	3	228	436	261	466	3e-44	  179
T78_L481.fas	AT5G67530.1	71.82	589	122	17	137	718	1549	2100	2e-79	  297
T78_L481.fas	AT2G36130.1	77.78	63	11	2	523	583	580	641	7e-04	46.4
T78_L484.fas	AT4G14030.2	72.00	550	135	7	4	538	1198	653	6e-80	  298
T78_L484.fas	AT4G14030.1	72.00	550	135	7	4	538	1180	635	6e-80	  298
T78_L484.fas	AT4G14040.1	78.45	232	50	0	307	538	1035	804	2e-48	  194
T78_L484.fas	AT4G14040.1	77.08	240	52	3	4	243	1267	1031	1e-43	  178
T78_L484.fas	AT3G23800.1	74.48	239	58	3	4	242	1150	915	7e-35	  149
T78_L484.fas	AT3G23800.1	72.69	238	63	2	302	538	808	572	6e-29	  129
T78_L49.fas	AT1G36310.2	75.87	518	122	3	144	661	335	849	3e-99	  363
T78_L49.fas	AT1G36310.2	79.05	148	24	7	855	1002	1096	1236	1e-22	  109
T78_L49.fas	AT1G36310.1	75.87	518	122	3	144	661	393	907	3e-99	  363
T78_L49.fas	AT1G36310.1	79.05	148	24	7	855	1002	1154	1294	1e-22	  109
T78_L491.fas	AT4G14030.2	70.16	516	116	10	132	642	1777	1295	1e-62	  241
T78_L491.fas	AT4G14030.1	70.16	516	116	10	132	642	1759	1277	1e-62	  241
T78_L491.fas	AT4G14040.1	70.08	518	108	14	130	642	1823	1348	3e-59	  230
T78_L491.fas	AT3G23800.1	75.62	283	67	2	135	416	1694	1413	7e-48	  192
T78_L5.fas	AT1G02330.1	81.66	169	30	1	139	306	978	1146	9e-39	  161
T78_L5.fas	AT1G02330.1	80.65	62	11	1	3	64	831	891	1e-06	55.4
T78_L50.fas	AT1G45150.1	75.90	390	84	7	62	449	4267	4648	6e-72	  271
T78_L51.fas	AT1G48175.1	69.16	334	76	7	154	482	1002	1313	8e-34	  145
T78_L53.fas	AT1G48270.1	80.66	181	34	1	129	309	695	874	2e-40	  167
T78_L54.fas	AT1G48360.3	78.09	251	55	0	110	360	3171	3421	8e-52	  205
T78_L54.fas	AT1G48360.2	78.09	251	55	0	110	360	3171	3421	8e-52	  205
T78_L54.fas	AT1G48360.1	78.09	251	55	0	110	360	3171	3421	8e-52	  205
T78_L56.fas	AT1G49380.1	70.77	431	103	6	106	528	548	963	3e-52	  206
T78_L57.fas	AT1G49380.1	79.57	279	55	2	102	380	1057	1333	1e-62	  241
T78_L59.fas	AT1G50120.1	77.78	171	38	0	123	293	3772	3942	1e-31	  138
T78_L6.fas	AT1G03190.2	72.65	501	114	17	74	571	211	691	1e-63	  244
T78_L6.fas	AT1G03190.1	72.65	501	114	17	74	571	306	786	1e-63	  244
T78_L60.fas	AT1G50575.1	71.92	584	138	10	1	573	916	1484	6e-81	  302
T78_L61.fas	AT1G52155.1	81.82	242	43	1	110	351	600	840	5e-61	  235
T78_L63.fas	AT1G54350.1	74.42	172	41	3	117	288	222	390	2e-21	  104
T78_L64.fas	AT1G54350.1	76.25	341	77	4	114	453	609	946	1e-61	  237
T78_L65.fas	AT1G54350.1	82.18	174	31	0	37	210	1033	1206	1e-42	  174
T78_L66.fas	AT1G54350.1	84.26	235	37	0	125	359	1284	1518	2e-67	  257
T78_L67.fas	AT1G54355.1	79.91	224	44	1	159	381	582	359	1e-49	  197
T78_L67.fas	AT1G54350.1	79.91	224	44	1	159	381	2854	3077	1e-49	  197
T78_L68.fas	AT1G55870.2	86.08	158	20	2	211	367	253	409	4e-44	  179
T78_L68.fas	AT1G55870.1	86.08	158	20	2	211	367	233	389	4e-44	  179
T78_L69.fas	AT1G55870.2	67.54	650	179	17	35	684	2031	2648	5e-44	  179
T78_L69.fas	AT1G55870.1	67.54	650	179	17	35	684	2011	2628	5e-44	  179
T78_L7.fas	AT1G03190.2	77.55	245	55	0	55	299	859	1103	1e-48	  194
T78_L7.fas	AT1G03190.1	77.55	245	55	0	55	299	954	1198	1e-48	  194
T78_L70.fas	AT1G55880.2	75.00	400	93	5	42	438	810	1205	6e-67	  255
T78_L70.fas	AT1G55880.1	75.00	400	93	5	42	438	828	1223	6e-67	  255
T78_L71.fas	AT1G55880.2	79.67	246	50	0	89	334	1300	1545	4e-56	  219
T78_L71.fas	AT1G55880.1	79.67	246	50	0	89	334	1318	1563	4e-56	  219
T78_L72.fas	AT1G55880.2	76.82	233	54	0	55	287	1642	1874	1e-43	  178
T78_L72.fas	AT1G55880.1	76.82	233	54	0	55	287	1660	1892	1e-43	  178
T78_L73.fas	AT1G56090.1	79.70	197	39	1	116	312	634	829	4e-42	  172
T78_L74.fas	AT1G56180.1	77.82	257	54	2	106	362	730	983	8e-51	  201
T78_L75.fas	AT1G56230.2	67.16	475	143	6	58	522	1615	2086	4e-32	  140
T78_L75.fas	AT1G56230.1	67.16	475	143	6	58	522	1466	1937	4e-32	  140
T78_L76.fas	AT1G57770.1	77.68	233	48	3	33	265	512	740	2e-44	  179
T78_L77.fas	AT1G57770.1	79.70	202	41	0	154	355	1443	1644	3e-44	  179
T78_L77.fas	AT1G57770.1	81.82	99	18	0	62	160	1254	1352	9e-20	98.7
T78_L78.fas	AT1G57770.1	71.36	419	90	10	13	419	1812	2212	3e-51	  203
T78_L79.fas	AT1G57770.1	76.60	312	71	2	46	357	2624	2933	6e-59	  228
T78_L80.fas	AT1G59990.1	69.82	285	69	8	98	378	709	980	1e-23	  111
T78_L81.fas	AT1G59990.1	79.63	216	44	0	259	474	1933	2148	7e-48	  192
T78_L81.fas	AT1G59990.1	76.39	72	17	0	138	209	1833	1904	4e-06	53.6
T78_L81.fas	AT3G18600.1	74.55	55	11	1	395	449	2641	2692	1.2	35.6
T78_L82.fas	AT1G59990.1	76.79	168	39	0	76	243	2222	2389	1e-28	  127
T78_L83.fas	AT1G63160.1	85.83	120	17	0	113	232	103	222	2e-32	  140
T78_L84.fas	AT1G63160.1	83.08	201	34	0	139	339	889	1089	2e-53	  210
T78_L84.fas	AT1G63160.1	80.00	65	12	1	10	74	732	795	3e-07	57.2
T78_L85.fas	AT1G63160.1	72.18	435	95	10	24	457	1174	1583	8e-60	  232
T78_L86.fas	AT1G63270.1	71.47	659	161	19	5	663	936	1567	2e-80	  300
T78_L87.fas	AT1G63680.1	73.51	404	88	10	18	414	1993	2384	7e-60	  232
T78_L88.fas	AT1G64970.1	69.89	176	48	5	231	406	300	470	5e-10	66.2
T78_L89.fas	AT1G65030.1	77.81	320	66	5	200	517	1254	1570	1e-63	  244
T78_L9.fas	AT1G03190.2	83.51	194	32	0	89	282	2254	2447	2e-52	  206
T78_L9.fas	AT1G03190.1	83.51	194	32	0	89	282	2349	2542	2e-52	  206
T78_L90.fas	AT1G65230.1	77.49	271	59	2	71	341	1073	1341	7e-53	  208
T78_L91.fas	AT1G70570.2	82.35	153	26	1	93	245	1317	1468	1e-35	  150
T78_L91.fas	AT1G70570.2	92.86	42	3	0	348	389	1592	1633	5e-09	62.6
T78_L91.fas	AT1G70570.1	82.35	153	26	1	93	245	1315	1466	1e-35	  150
T78_L91.fas	AT1G70570.1	92.86	42	3	0	348	389	1590	1631	5e-09	62.6
T78_L92.fas	AT1G71800.1	84.07	182	29	0	142	323	474	655	1e-49	  197
T78_L93.fas	AT1G72440.1	78.99	238	49	1	130	367	4277	4513	3e-51	  203
T78_L94.fas	AT1G72990.2	81.04	211	37	3	94	304	733	940	5e-48	  192
T78_L94.fas	AT1G72990.1	81.04	211	37	3	94	304	730	937	5e-48	  192
T78_L96.fas	AT1G73180.2	77.41	394	84	4	104	496	1381	1770	5e-80	  298
T78_L96.fas	AT1G73180.1	77.41	394	84	4	104	496	1381	1770	5e-80	  298
T78_L97.fas	AT1G73430.2	81.42	226	40	2	220	444	4016	4240	7e-54	  212
T78_L97.fas	AT1G73430.1	81.42	226	40	2	220	444	4016	4240	7e-54	  212
T78_L98.fas	AT1G73820.1	83.41	229	34	4	121	349	54	278	2e-59	  230
T78_L99.fas	AT1G73960.2	74.62	327	71	5	136	455	4061	4382	3e-52	  206
T78_L99.fas	AT1G73960.2	78.02	91	19	1	556	646	4523	4612	2e-11	71.6
T78_L99.fas	AT1G73960.1	74.62	327	71	5	136	455	4061	4382	3e-52	  206
T78_L99.fas	AT1G73960.1	78.02	91	19	1	556	646	4523	4612	2e-11	71.6
