T79_L100.fasta	AT1G74640.1	73.16	488	117	11	20	503	1429	1906	1e-68	  260
T79_L101.fasta	AT1G75010.1	75.41	183	37	6	24	206	4732	4906	5e-25	  114
T79_L102.fasta	AT1G75200.1	84.62	195	28	2	167	360	1253	1446	2e-53	  210
T79_L103.fasta	AT1G75200.1	79.87	154	28	3	168	321	1714	1864	2e-29	  131
T79_L106.fasta	AT1G77090.1	73.30	206	42	7	21	223	967	1162	4e-23	  109
T79_L108.fasta	AT1G77550.1	77.78	270	54	5	66	335	1560	1823	6e-52	  205
T79_L11.fasta	AT1G04010.1	80.19	106	18	2	294	399	2240	2342	1e-17	91.5
T79_L11.fasta	AT1G04010.1	79.17	72	14	1	112	183	2038	2108	2e-08	60.8
T79_L110.fasta	AT1G77550.1	74.61	319	66	11	12	329	3416	3720	7e-46	  185
T79_L113.fasta	AT1G78630.1	79.02	205	36	4	75	279	595	792	1e-41	  170
T79_L114.fasta	AT1G79190.1	76.00	100	21	2	523	622	1081	1177	5e-11	69.8
T79_L117.fasta	AT1G79890.1	67.72	601	136	14	39	639	2672	3214	3e-53	  210
T79_L118.fasta	AT2G01100.3	82.28	237	33	5	15	245	708	941	3e-58	  226
T79_L118.fasta	AT2G01100.2	82.28	237	33	5	15	245	712	945	3e-58	  226
T79_L118.fasta	AT2G01100.1	82.28	237	33	5	15	245	711	944	3e-58	  226
T79_L119.fasta	AT2G02590.1	73.45	388	91	12	68	455	1156	1531	3e-51	  203
T79_L12.fasta	AT1G07910.2	72.02	168	44	3	44	211	3567	3731	9e-16	84.2
T79_L12.fasta	AT1G07910.1	72.02	168	44	3	44	211	4183	4347	9e-16	84.2
T79_L121.fasta	AT2G03667.1	73.76	221	51	6	51	271	2183	2396	1e-27	  123
T79_L122.fasta	AT2G03780.1	75.23	214	48	5	79	292	1192	1400	1e-29	  131
T79_L123.fasta	AT2G04270.5	73.10	513	104	14	17	503	2349	2853	5e-75	  282
T79_L123.fasta	AT2G04270.2	73.10	513	104	14	17	503	2450	2954	5e-75	  282
T79_L123.fasta	AT2G04270.3	73.10	513	104	14	17	503	1146	1650	5e-75	  282
T79_L123.fasta	AT2G04270.4	73.10	513	104	14	17	503	1146	1650	5e-75	  282
T79_L123.fasta	AT2G04270.1	73.10	513	104	14	17	503	2577	3081	5e-75	  282
T79_L124.fasta	AT1G76050.2	81.25	32	6	0	23	54	1982	2013	4.9	31.9
T79_L124.fasta	AT1G76050.1	81.25	32	6	0	23	54	1947	1978	4.9	31.9
T79_L125.fasta	AT2G04690.2	72.56	215	51	7	55	269	972	1178	4e-21	  102
T79_L125.fasta	AT2G04690.1	72.56	215	51	7	55	269	972	1178	4e-21	  102
T79_L126.fasta	AT2G04740.1	70.87	769	160	31	56	817	891	1602	1e-84	  315
T79_L127.fasta	AT2G05120.2	72.09	713	165	26	76	788	2566	3244	6e-88	  325
T79_L127.fasta	AT2G05120.1	72.09	713	165	26	76	788	2512	3190	6e-88	  325
T79_L13.fasta	AT1G07910.2	74.23	291	68	6	164	453	4909	5193	7e-41	  168
T79_L13.fasta	AT1G07910.1	74.23	291	68	6	164	453	5525	5809	7e-41	  168
T79_L130.fasta	AT2G05170.1	72.64	552	111	16	57	592	749	1276	3e-78	  293
T79_L131.fasta	AT2G05170.1	82.25	293	30	14	14	284	3070	3362	4e-66	  251
T79_L132.fasta	AT2G05830.4	70.46	518	98	16	9	481	1509	2016	6e-61	  235
T79_L132.fasta	AT2G05830.3	70.46	518	98	16	9	481	1467	1974	6e-61	  235
T79_L132.fasta	AT2G05830.2	70.46	518	98	16	9	481	1473	1980	6e-61	  235
T79_L132.fasta	AT2G05830.1	70.46	518	98	16	9	481	1572	2079	6e-61	  235
T79_L133.fasta	AT2G17510.2	84.74	249	35	3	175	423	1834	2079	2e-71	  269
T79_L133.fasta	AT2G17510.1	84.74	249	35	3	175	423	1492	1737	2e-71	  269
T79_L134.fasta	AT2G17510.2	78.74	254	50	4	81	334	2605	2854	3e-51	  203
T79_L134.fasta	AT2G17510.2	77.66	94	17	4	419	512	2998	3087	2e-09	64.4
T79_L134.fasta	AT2G17510.1	78.74	254	50	4	81	334	2263	2512	3e-51	  203
T79_L134.fasta	AT2G17510.1	77.66	94	17	4	419	512	2656	2745	2e-09	64.4
T79_L136.fasta	AT2G17975.1	75.57	176	35	7	70	245	36	203	1e-21	  104
T79_L137.fasta	AT2G18030.1	75.82	153	33	2	159	311	250	398	4e-22	  105
T79_L137.fasta	AT2G18030.2	75.82	153	33	2	159	311	291	439	4e-22	  105
T79_L138.fasta	AT2G20330.1	77.36	212	46	2	251	462	1021	1230	9e-39	  161
T79_L139.fasta	AT2G20330.1	74.51	255	62	3	265	518	1804	2056	1e-37	  158
T79_L142.fasta	AT2G20790.1	72.90	572	131	21	187	758	1355	1902	3e-73	  277
T79_L142.fasta	AT2G20790.3	72.90	572	131	21	187	758	1302	1849	3e-73	  277
T79_L142.fasta	AT2G20790.2	72.90	572	131	21	187	758	1302	1849	3e-73	  277
T79_L143.fasta	AT2G20940.1	77.98	109	19	5	1	108	76	180	8e-13	75.2
T79_L145.fasta	AT2G21370.2	73.31	311	69	12	55	365	1547	1843	3e-37	  156
T79_L145.fasta	AT2G21370.1	73.31	311	69	12	55	365	1531	1827	3e-37	  156
T79_L148.fasta	AT2G21710.1	74.73	182	41	5	96	277	1317	1493	4e-22	  105
T79_L15.fasta	AT1G07970.1	71.91	388	94	10	52	437	2478	2852	7e-46	  185
T79_L150.fasta	AT2G22370.1	78.09	356	74	4	223	578	637	988	6e-74	  279
T79_L151.fasta	AT2G25830.1	73.53	170	32	9	22	191	1015	1171	2e-16	86.0
T79_L153.fasta	AT2G26680.1	74.63	339	69	14	126	464	397	718	6e-47	  188
T79_L154.fasta	AT2G28450.2	72.76	257	63	6	128	384	3611	3860	3e-30	  132
T79_L154.fasta	AT2G28450.1	72.76	257	63	6	128	384	3466	3715	3e-30	  132
T79_L155.fasta	AT2G30100.1	67.67	733	209	19	104	828	965	1677	1e-52	  208
T79_L156.fasta	AT2G30410.2	76.54	162	32	5	19	180	614	769	6e-23	  107
T79_L156.fasta	AT2G30410.1	76.54	162	32	5	19	180	524	679	6e-23	  107
T79_L157.fasta	AT2G30710.1	81.43	280	50	2	217	496	1824	2101	1e-69	  264
T79_L158.fasta	AT2G31530.1	74.55	224	46	9	198	420	719	932	2e-27	  123
T79_L159.fasta	AT2G34090.3	78.09	178	30	7	58	235	1376	1544	9e-29	  127
T79_L159.fasta	AT2G34090.2	78.09	178	30	7	58	235	1344	1512	9e-29	  127
T79_L159.fasta	AT2G34090.1	78.09	178	30	7	58	235	1344	1512	9e-29	  127
T79_L159.fasta	AT2G34110.1	78.09	178	30	7	58	235	5372	5204	9e-29	  127
T79_L16.fasta	AT1G08030.1	75.58	303	57	13	48	350	1289	1574	3e-43	  176
T79_L160.fasta	AT2G35610.1	80.95	126	19	4	150	275	1038	1158	3e-23	  109
T79_L161.fasta	AT2G35610.1	81.25	224	33	9	13	236	1233	1447	1e-47	  190
T79_L162.fasta	AT2G35610.1	82.17	286	46	5	153	438	1771	2051	7e-72	  271
T79_L166.fasta	AT2G38270.1	71.26	522	119	25	15	535	1223	1714	3e-51	  203
T79_L169.fasta	AT2G40690.1	74.31	218	45	10	67	284	857	1063	8e-25	  114
T79_L17.fasta	AT1G08710.2	81.43	70	11	2	74	143	810	877	4e-09	62.6
T79_L17.fasta	AT1G08710.1	81.43	70	11	2	74	143	810	877	4e-09	62.6
T79_L170.fasta	AT2G40760.1	79.09	263	53	2	40	302	556	816	9e-57	  221
T79_L172.fasta	AT2G41530.1	82.61	207	34	2	146	352	1070	1274	2e-52	  206
T79_L173.fasta	AT2G42700.2	73.45	226	55	5	250	475	1468	1688	2e-27	  123
T79_L173.fasta	AT2G42700.1	73.45	226	55	5	250	475	1441	1661	2e-27	  123
T79_L174.fasta	AT2G44360.1	79.33	150	29	1	225	374	598	745	2e-29	  131
T79_L177.fasta	AT2G44660.1	75.70	251	56	4	47	296	1334	1580	2e-40	  167
T79_L179.fasta	AT2G44760.1	71.08	287	66	12	183	469	1586	1855	9e-26	  118
T79_L179.fasta	AT5G11000.1	76.74	43	10	0	425	467	749	791	3.1	33.7
T79_L182.fasta	AT2G46560.1	77.63	152	29	5	262	413	8677	8823	5e-22	  105
T79_L183.fasta	AT2G46560.1	79.66	236	45	3	111	346	8927	9159	8e-51	  201
T79_L184.fasta	AT2G46560.1	77.71	175	36	2	229	403	9858	10029	4e-31	  136
T79_L184.fasta	AT2G46560.1	89.29	56	5	1	120	175	9717	9771	2e-11	71.6
T79_L185.fasta	AT2G46890.1	74.55	334	77	8	172	505	933	1258	2e-48	  194
T79_L191.fasta	AT3G01660.1	71.77	379	89	15	112	489	211	572	2e-39	  163
T79_L192.fasta	AT3G01720.1	78.21	257	52	4	136	392	1105	1357	1e-50	  201
T79_L194.fasta	AT3G01720.1	80.54	185	29	5	359	541	2043	2222	1e-37	  158
T79_L195.fasta	AT3G01720.1	81.21	165	29	2	72	236	2296	2458	3e-36	  152
T79_L196.fasta	AT3G01720.1	75.24	307	66	8	43	348	2900	3197	3e-46	  187
T79_L197.fasta	AT3G02760.1	80.95	189	33	3	66	254	1422	1607	4e-41	  168
T79_L198.fasta	AT3G02760.1	72.29	166	29	7	36	184	1787	1952	1e-13	77.0
T79_L199.fasta	AT3G03790.3	73.40	188	38	8	120	306	1301	1477	2e-19	96.9
T79_L199.fasta	AT3G03790.1	73.40	188	38	8	120	306	1301	1477	2e-19	96.9
T79_L199.fasta	AT3G03790.2	73.40	188	38	8	120	306	1301	1477	2e-19	96.9
T79_L2.fasta	AT1G01930.1	76.54	260	56	5	461	720	1841	2095	5e-44	  179
T79_L2.fasta	AT1G01930.1	78.57	84	17	1	142	225	1571	1653	2e-10	68.0
T79_L20.fasta	AT1G09010.1	77.03	222	46	5	60	281	1906	2122	2e-37	  156
T79_L201.fasta	AT3G03790.3	76.97	304	62	7	64	367	2831	3126	1e-54	  214
T79_L201.fasta	AT3G03790.1	76.97	304	62	7	64	367	2831	3126	1e-54	  214
T79_L201.fasta	AT3G03790.2	76.97	304	62	7	64	367	2831	3126	1e-54	  214
T79_L202.fasta	AT3G03790.3	74.78	230	46	12	12	240	3270	3488	8e-26	  118
T79_L202.fasta	AT3G03790.1	74.78	230	46	12	12	240	3270	3488	8e-26	  118
T79_L202.fasta	AT3G03790.2	74.78	230	46	12	12	240	3270	3488	8e-26	  118
T79_L203.fasta	AT3G03790.3	69.39	490	120	15	14	503	4208	4667	4e-45	  183
T79_L203.fasta	AT3G03790.1	69.39	490	120	15	14	503	4208	4667	4e-45	  183
T79_L203.fasta	AT3G03790.2	69.39	490	120	15	14	503	4208	4667	4e-45	  183
T79_L205.fasta	AT3G04260.1	76.75	228	47	5	161	388	918	1139	3e-38	  159
T79_L206.fasta	AT3G04260.1	84.80	171	25	1	150	320	2117	2286	5e-47	  188
T79_L207.fasta	AT3G04260.1	74.90	498	99	22	51	548	2454	2925	7e-73	  275
T79_L208.fasta	AT3G04260.1	74.87	187	36	5	65	248	3551	3729	2e-25	  116
T79_L209.fasta	AT3G04560.1	74.39	285	59	11	222	503	1632	1905	2e-36	  154
T79_L21.fasta	AT1G09010.1	70.96	706	151	24	109	814	2198	2849	2e-82	  307
T79_L210.fasta	AT3G04970.2	81.71	82	13	2	374	455	969	1048	9e-13	75.2
T79_L210.fasta	AT3G04970.1	81.71	82	13	2	374	455	970	1049	9e-13	75.2
T79_L211.fasta	AT3G05480.3	77.07	266	51	8	150	414	1100	1356	3e-45	  183
T79_L211.fasta	AT3G05480.2	77.07	266	51	8	150	414	1100	1356	3e-45	  183
T79_L211.fasta	AT3G05480.1	77.07	266	51	8	150	414	1068	1324	3e-45	  183
T79_L215.fasta	AT3G08840.3	75.20	254	59	4	80	333	3992	4241	2e-39	  163
T79_L215.fasta	AT3G08840.2	75.20	254	59	4	80	333	3992	4241	2e-39	  163
T79_L216.fasta	AT3G08840.3	71.37	262	58	6	93	354	5282	5526	2e-28	  127
T79_L216.fasta	AT3G08840.2	71.37	262	58	6	93	354	5282	5526	2e-28	  127
T79_L217.fasta	AT3G09580.1	78.41	176	29	8	84	256	242	411	1e-26	  122
T79_L219.fasta	AT3G12080.2	77.03	296	59	8	189	484	855	1141	9e-52	  205
T79_L219.fasta	AT3G12080.1	77.03	296	59	8	189	484	855	1141	9e-52	  205
T79_L220.fasta	AT3G12080.2	79.49	195	31	6	101	293	3347	3534	2e-37	  156
T79_L220.fasta	AT3G12080.1	79.49	195	31	6	101	293	3347	3534	2e-37	  156
T79_L223.fasta	AT3G15090.1	70.62	177	39	8	36	212	2012	2175	7e-12	71.6
T79_L227.fasta	AT3G16760.1	73.44	256	64	2	232	487	1206	1457	1e-36	  154
T79_L227.fasta	AT3G16760.2	73.44	256	64	2	232	487	1206	1457	1e-36	  154
T79_L228.fasta	AT3G16990.1	88.10	42	5	0	82	123	650	691	2e-06	53.6
T79_L230.fasta	AT3G17040.2	80.00	255	50	1	69	323	1916	2169	6e-59	  228
T79_L230.fasta	AT3G17040.1	80.00	255	50	1	69	323	1916	2169	6e-59	  228
T79_L231.fasta	AT3G17040.2	75.39	191	44	3	72	262	2699	2886	1e-27	  123
T79_L231.fasta	AT3G17040.1	75.39	191	44	3	72	262	2699	2886	1e-27	  123
T79_L232.fasta	AT3G17712.2	73.25	471	112	13	94	564	1023	1479	3e-64	  246
T79_L232.fasta	AT3G17712.3	73.25	471	112	13	94	564	988	1444	3e-64	  246
T79_L232.fasta	AT3G17712.1	73.25	471	112	13	94	564	988	1444	3e-64	  246
T79_L232.fasta	AT3G17740.1	73.25	471	112	13	94	564	935	1391	3e-64	  246
T79_L233.fasta	AT3G17740.1	69.97	303	74	11	142	444	1627	1912	2e-24	  114
T79_L233.fasta	AT3G17712.2	69.64	303	75	11	142	444	1715	2000	8e-23	  109
T79_L233.fasta	AT3G17712.3	69.64	303	75	11	142	444	1680	1965	8e-23	  109
T79_L233.fasta	AT3G17712.1	69.64	303	75	11	142	444	1680	1965	8e-23	  109
T79_L235.fasta	AT3G17930.1	72.32	177	42	5	61	237	671	840	9e-17	87.8
T79_L236.fasta	AT3G18480.1	81.87	193	32	3	85	277	918	1107	7e-45	  181
T79_L238.fasta	AT3G18630.1	77.33	172	32	5	128	298	769	934	5e-27	  122
T79_L238.fasta	AT2G10550.1	76.99	113	21	3	128	240	699	806	2e-14	80.6
T79_L239.fasta	AT3G20810.3	77.33	172	35	3	129	300	2245	2412	4e-29	  129
T79_L239.fasta	AT3G20810.1	77.33	172	35	3	129	300	2245	2412	4e-29	  129
T79_L239.fasta	AT3G20810.2	77.33	172	35	3	129	300	2277	2444	4e-29	  129
T79_L24.fasta	AT1G10030.1	81.08	185	31	4	7	191	1422	1602	4e-40	  165
T79_L242.fasta	AT3G21300.1	78.43	102	19	3	17	118	1871	1969	2e-13	77.0
T79_L242.fasta	AT3G21300.1	70.39	179	45	7	198	376	2052	2222	4e-10	66.2
T79_L243.fasta	AT3G21350.2	79.46	185	26	8	9	181	472	656	3e-32	  138
T79_L243.fasta	AT3G21350.1	79.46	185	26	8	9	181	472	656	3e-32	  138
T79_L244.fasta	AT3G21540.1	71.04	442	99	22	231	672	1444	1856	4e-39	  163
T79_L245.fasta	AT3G22990.1	80.73	192	36	1	225	416	908	1098	4e-43	  176
T79_L247.fasta	AT3G24200.2	68.12	640	165	25	48	686	2372	2973	1e-44	  181
T79_L247.fasta	AT3G24200.1	68.12	640	165	25	48	686	2637	3238	1e-44	  181
T79_L249.fasta	AT3G24320.1	78.51	228	45	3	50	277	4362	4585	2e-45	  183
T79_L25.fasta	AT1G10310.1	76.41	195	41	5	43	237	1036	1225	9e-30	  131
T79_L250.fasta	AT3G24320.1	77.82	275	58	3	102	376	5123	5394	5e-54	  212
T79_L251.fasta	AT3G24320.1	74.81	397	90	7	41	436	5486	5873	1e-64	  248
T79_L253.fasta	AT3G25660.1	77.09	275	51	11	98	372	927	1189	2e-45	  183
T79_L255.fasta	AT3G28030.1	72.55	255	61	8	168	422	230	475	7e-28	  125
T79_L256.fasta	AT3G28030.1	78.76	193	38	3	88	280	2297	2486	3e-37	  156
T79_L258.fasta	AT3G28760.2	76.63	184	39	4	71	254	1634	1813	1e-28	  127
T79_L258.fasta	AT3G28760.1	76.63	184	39	4	71	254	1642	1821	1e-28	  127
T79_L26.fasta	AT1G10310.1	76.23	122	25	4	36	156	1715	1833	2e-13	77.0
T79_L261.fasta	AT3G46220.3	75.17	290	60	9	72	361	489	766	1e-43	  178
T79_L261.fasta	AT3G46220.2	75.17	290	60	9	72	361	489	766	1e-43	  178
T79_L261.fasta	AT3G46220.1	75.17	290	60	9	72	361	463	740	1e-43	  178
T79_L262.fasta	AT3G46220.3	73.94	284	67	7	38	321	889	1165	7e-38	  158
T79_L262.fasta	AT3G46220.2	73.94	284	67	7	38	321	889	1165	7e-38	  158
T79_L262.fasta	AT3G46220.1	73.94	284	67	7	38	321	863	1139	7e-38	  158
T79_L263.fasta	AT5G58790.3	73.77	122	28	4	75	196	171	288	8e-10	64.4
T79_L263.fasta	AT5G58790.2	73.77	122	28	4	75	196	170	287	8e-10	64.4
T79_L263.fasta	AT5G58790.1	73.77	122	28	4	75	196	171	288	8e-10	64.4
T79_L265.fasta	AT3G47390.2	75.19	270	51	13	54	323	3861	4114	4e-36	  152
T79_L265.fasta	AT3G47390.1	75.19	270	51	13	54	323	3861	4114	4e-36	  152
T79_L266.fasta	AT3G47390.2	73.93	257	51	12	62	308	4465	4715	2e-27	  123
T79_L266.fasta	AT3G47390.1	73.93	257	51	12	62	308	4465	4715	2e-27	  123
T79_L267.fasta	AT3G47390.2	77.05	183	37	5	55	237	5065	5242	5e-28	  125
T79_L267.fasta	AT3G47390.1	77.05	183	37	5	55	237	5065	5242	5e-28	  125
T79_L268.fasta	AT3G47860.1	73.97	315	67	9	41	352	881	1183	9e-44	  178
T79_L269.fasta	AT3G47860.1	74.01	277	58	7	83	357	1276	1540	3e-38	  159
T79_L27.fasta	AT1G10830.2	78.37	208	39	5	129	336	748	949	2e-38	  159
T79_L27.fasta	AT1G10830.1	78.37	208	39	5	129	336	779	980	2e-38	  159
T79_L270.fasta	AT3G48500.2	70.25	605	140	27	63	656	175	750	2e-55	  217
T79_L270.fasta	AT3G48500.1	70.25	605	140	27	63	656	134	709	2e-55	  217
T79_L271.fasta	AT3G49080.1	75.82	455	96	14	58	512	1220	1660	5e-75	  282
T79_L273.fasta	AT3G51140.1	72.28	386	91	11	150	532	1157	1529	1e-45	  185
T79_L276.fasta	AT3G53760.1	77.87	235	49	3	179	413	3107	3338	1e-44	  181
T79_L277.fasta	AT3G53760.1	80.61	165	28	4	56	220	3697	3857	5e-33	  141
T79_L278.fasta	AT3G54010.2	73.96	169	36	6	60	226	1715	1877	3e-17	89.7
T79_L278.fasta	AT3G54010.1	73.96	169	36	6	60	226	1715	1877	3e-17	89.7
T79_L28.fasta	AT1G10830.2	68.91	357	92	14	17	373	1389	1726	3e-24	  113
T79_L28.fasta	AT1G10830.1	68.91	357	92	14	17	373	1420	1757	3e-24	  113
T79_L280.fasta	AT3G54460.1	80.66	212	37	4	121	332	3579	3786	2e-46	  187
T79_L280.fasta	AT3G54460.1	82.35	51	9	0	439	489	3873	3923	1e-05	51.8
T79_L281.fasta	AT3G54670.3	68.48	441	113	20	95	530	359	778	4e-25	  116
T79_L281.fasta	AT3G54670.2	68.48	441	113	20	95	530	164	583	4e-25	  116
T79_L281.fasta	AT3G54670.1	68.48	441	113	20	95	530	164	583	4e-25	  116
T79_L283.fasta	AT3G54670.3	79.92	264	48	5	152	415	7205	7463	3e-57	  223
T79_L283.fasta	AT3G54670.2	79.92	264	48	5	152	415	7010	7268	3e-57	  223
T79_L283.fasta	AT3G54670.1	79.92	264	48	5	152	415	7010	7268	3e-57	  223
T79_L284.fasta	AT3G54670.3	73.79	248	56	8	62	309	7844	8082	3e-30	  132
T79_L284.fasta	AT3G54670.2	73.79	248	56	8	62	309	7649	7887	3e-30	  132
T79_L284.fasta	AT3G54670.1	73.79	248	56	8	62	309	7649	7887	3e-30	  132
T79_L285.fasta	AT3G55480.2	76.81	207	37	7	72	276	105	302	2e-32	  140
T79_L285.fasta	AT3G55480.1	76.81	207	37	7	72	276	105	302	2e-32	  140
T79_L286.fasta	AT3G55480.2	79.70	266	53	1	116	381	516	780	2e-60	  233
T79_L286.fasta	AT3G55480.1	79.70	266	53	1	116	381	516	780	2e-60	  233
T79_L287.fasta	AT3G55480.2	68.43	643	173	19	85	722	877	1494	6e-50	  199
T79_L287.fasta	AT3G55480.1	68.43	643	173	19	85	722	877	1494	6e-50	  199
T79_L288.fasta	AT3G56040.1	83.23	155	26	0	252	406	1184	1338	3e-39	  163
T79_L289.fasta	AT3G56040.1	76.76	185	35	7	151	335	1742	1918	2e-26	  120
T79_L29.fasta	AT1G11880.1	82.22	90	15	1	1	90	773	861	1e-16	87.8
T79_L292.fasta	AT3G56460.1	75.84	269	53	11	36	303	850	1107	2e-38	  159
T79_L294.fasta	AT3G57630.2	77.92	240	46	6	40	279	987	1219	2e-44	  179
T79_L294.fasta	AT3G57630.1	77.92	240	46	6	40	279	1631	1863	2e-44	  179
T79_L295.fasta	AT3G57630.2	79.66	236	45	3	125	360	2787	3019	3e-51	  203
T79_L295.fasta	AT3G57630.1	79.66	236	45	3	125	360	3431	3663	3e-51	  203
T79_L299.fasta	AT4G01040.1	68.29	287	74	12	92	378	1408	1677	5e-15	82.4
T79_L3.fasta	AT1G02020.2	64.05	954	248	46	323	1249	728	1613	2e-15	86.0
T79_L3.fasta	AT1G02020.1	64.05	954	248	46	323	1249	728	1613	2e-15	86.0
T79_L30.fasta	AT1G12470.1	82.65	219	35	3	37	254	4515	4731	7e-56	  217
T79_L303.fasta	AT4G01880.1	77.68	112	23	2	226	337	915	1024	4e-16	86.0
T79_L304.fasta	AT4G02460.1	78.80	349	59	9	21	367	550	885	1e-73	  277
T79_L305.fasta	AT4G02460.1	72.77	437	109	10	54	490	1241	1667	1e-57	  224
T79_L308.fasta	AT4G03200.2	75.10	253	60	3	51	303	2532	2781	5e-40	  165
T79_L308.fasta	AT4G03200.1	75.10	253	60	3	51	303	2532	2781	5e-40	  165
T79_L309.fasta	AT4G12640.1	71.09	422	96	18	26	447	2636	3031	9e-40	  165
T79_L31.fasta	AT1G12470.1	73.66	186	35	9	80	262	5493	5667	2e-18	93.3
T79_L311.fasta	AT4G14605.1	73.71	194	40	8	165	356	737	921	8e-20	98.7
T79_L312.fasta	AT4G14605.1	68.40	481	124	19	464	943	1632	2085	2e-32	  141
T79_L316.fasta	AT4G17760.2	72.34	235	48	12	80	314	1238	1455	2e-20	  100
T79_L316.fasta	AT4G17760.1	72.34	235	48	12	80	314	1239	1456	2e-20	  100
T79_L318.fasta	AT4G18270.1	76.30	211	47	3	98	308	2063	2270	3e-35	  149
T79_L321.fasta	AT4G21770.1	71.14	440	95	12	105	530	515	936	8e-53	  208
T79_L326.fasta	AT4G28020.1	78.95	209	39	5	107	315	717	920	7e-40	  165
T79_L327.fasta	AT4G28740.1	67.98	178	45	7	299	472	847	1016	2e-04	48.2
T79_L328.fasta	AT4G29070.2	76.15	327	70	5	250	573	559	880	9e-59	  228
T79_L328.fasta	AT4G29070.1	76.15	327	70	5	250	573	630	951	9e-59	  228
T79_L329.fasta	AT4G30580.1	71.19	427	110	10	128	554	1126	1539	6e-48	  192
T79_L331.fasta	AT4G30890.3	72.90	262	63	3	57	312	1847	2106	3e-35	  149
T79_L331.fasta	AT4G30890.2	72.90	262	63	3	57	312	1799	2058	3e-35	  149
T79_L331.fasta	AT4G30890.1	72.90	262	63	3	57	312	1829	2088	3e-35	  149
T79_L333.fasta	AT4G31160.1	72.68	194	48	5	427	620	1600	1788	1e-19	98.7
T79_L334.fasta	AT4G31160.1	74.10	332	76	8	192	521	2160	2483	7e-47	  188
T79_L335.fasta	AT4G31160.1	68.44	583	122	20	32	610	2582	3106	1e-50	  201
T79_L34.fasta	AT1G17160.2	71.70	470	113	17	9	473	254	708	1e-50	  201
T79_L34.fasta	AT1G17160.1	71.70	470	113	17	9	473	254	708	1e-50	  201
T79_L340.fasta	AT4G31770.1	77.16	197	35	7	40	234	1188	1376	4e-30	  132
T79_L341.fasta	AT4G33030.1	75.55	818	156	36	124	941	887	1660	3e-136	  486
T79_L342.fasta	AT4G33030.1	74.76	412	84	17	21	432	1745	2136	6e-60	  232
T79_L345.fasta	AT4G36530.2	68.92	251	72	6	81	331	1525	1769	4e-16	86.0
T79_L345.fasta	AT4G36530.1	68.92	251	72	6	81	331	1525	1769	4e-16	86.0
T79_L346.fasta	AT4G37510.1	79.63	216	37	5	115	328	1601	1811	9e-44	  178
T79_L347.fasta	AT4G37510.1	80.99	142	23	4	38	179	1899	2036	1e-27	  123
T79_L348.fasta	AT4G37510.1	71.48	298	70	11	179	476	2398	2680	2e-29	  131
T79_L348.fasta	AT2G48121.1	73.31	236	53	8	241	476	459	684	2e-27	  123
T79_L348.fasta	AT2G48121.2	73.31	236	53	8	241	476	279	504	2e-27	  123
T79_L35.fasta	AT1G17160.2	72.51	211	50	7	26	236	889	1091	1e-20	  100
T79_L35.fasta	AT1G17160.1	72.51	211	50	7	26	236	889	1091	1e-20	  100
T79_L351.fasta	AT5G01160.1	80.00	80	15	1	187	266	451	529	2e-11	69.8
T79_L353.fasta	AT5G01310.1	76.25	299	60	9	116	411	2309	2599	7e-48	  192
T79_L355.fasta	AT5G02250.1	75.06	401	88	10	44	444	3297	3685	1e-63	  244
T79_L356.fasta	AT5G04440.1	78.68	197	34	6	99	294	474	663	1e-35	  150
T79_L358.fasta	AT5G04910.1	74.37	277	61	9	68	343	886	1153	1e-36	  154
T79_L36.fasta	AT1G18060.1	75.55	274	58	7	156	425	1087	1355	5e-42	  172
T79_L363.fasta	AT5G08720.1	74.40	250	55	7	246	495	3111	3351	2e-33	  143
T79_L364.fasta	AT5G09230.7	74.59	181	36	8	73	251	1431	1603	7e-19	95.1
T79_L364.fasta	AT5G09230.4	74.59	181	36	8	73	251	1452	1624	7e-19	95.1
T79_L364.fasta	AT5G09230.5	74.59	181	36	8	73	251	1528	1700	7e-19	95.1
T79_L364.fasta	AT5G09230.3	74.59	181	36	8	73	251	1512	1684	7e-19	95.1
T79_L364.fasta	AT5G09230.1	74.59	181	36	8	73	251	1528	1700	7e-19	95.1
T79_L364.fasta	AT5G09230.2	74.59	181	36	8	73	251	1507	1679	7e-19	95.1
T79_L364.fasta	AT5G09230.6	74.59	181	36	8	73	251	1528	1700	7e-19	95.1
T79_L367.fasta	AT5G10920.1	79.68	251	49	2	157	407	501	749	2e-55	  217
T79_L368.fasta	AT5G10920.1	78.91	294	62	0	121	414	1341	1634	6e-66	  251
T79_L37.fasta	AT1G19140.1	69.93	419	101	18	1	408	701	1105	1e-36	  154
T79_L37.fasta	AT1G19140.2	69.93	419	101	18	1	408	701	1105	1e-36	  154
T79_L371.fasta	AT5G11980.1	80.69	145	23	5	89	233	1002	1141	5e-27	  122
T79_L372.fasta	AT5G11980.1	81.94	310	47	7	158	467	1835	2135	9e-77	  288
T79_L373.fasta	AT5G14260.2	77.78	216	46	2	68	283	861	1074	2e-40	  167
T79_L373.fasta	AT5G14260.1	77.78	216	46	2	68	283	866	1079	2e-40	  167
T79_L373.fasta	AT5G14260.3	77.78	216	46	2	68	283	861	1074	2e-40	  167
T79_L374.fasta	AT5G14260.2	66.57	359	95	14	67	422	1641	1977	5e-16	86.0
T79_L374.fasta	AT5G14260.1	66.57	359	95	14	67	422	1646	1982	5e-16	86.0
T79_L374.fasta	AT5G14260.3	66.57	359	95	14	67	422	1641	1977	5e-16	86.0
T79_L375.fasta	AT5G14580.1	75.77	194	43	3	169	362	3459	3648	5e-30	  132
T79_L376.fasta	AT5G15170.1	79.41	238	46	3	205	441	1400	1635	1e-50	  201
T79_L377.fasta	AT5G15170.1	73.62	163	42	1	63	225	2024	2185	2e-19	96.9
T79_L378.fasta	AT5G15680.1	72.94	473	93	14	4	453	1912	2372	4e-68	  259
T79_L379.fasta	AT5G15680.1	76.88	359	69	11	61	419	2733	3077	3e-64	  246
T79_L38.fasta	AT1G21370.2	79.74	311	52	10	192	502	765	1064	2e-65	  250
T79_L38.fasta	AT1G21370.1	79.74	311	52	10	192	502	664	963	2e-65	  250
T79_L380.fasta	AT5G15680.1	76.43	560	105	16	154	696	3471	4020	9e-105	  381
T79_L381.fasta	AT5G15680.1	81.52	211	34	4	54	264	4230	4435	3e-49	  196
T79_L382.fasta	AT5G15680.1	78.16	751	128	30	107	856	5784	6499	6e-152	  538
T79_L383.fasta	AT5G16210.1	74.58	417	57	9	94	466	4016	4427	1e-75	  284
T79_L388.fasta	AT5G17523.1	71.95	164	35	11	67	230	734	886	2e-07	57.2
T79_L388.fasta	AT5G17520.1	71.95	164	35	11	67	230	752	904	2e-07	57.2
T79_L39.fasta	AT1G27530.1	74.00	350	77	12	23	372	76	411	5e-48	  192
T79_L391.fasta	AT5G19850.1	77.48	222	44	6	55	275	528	744	6e-38	  158
T79_L393.fasta	AT5G20170.1	67.45	341	93	11	123	462	2531	2854	4e-17	89.7
T79_L394.fasta	AT5G20170.1	65.53	293	71	7	79	371	2949	3211	8e-13	75.2
T79_L396.fasta	AT5G20660.1	73.15	257	58	11	58	314	583	828	1e-27	  123
T79_L398.fasta	AT5G21040.2	68.50	943	221	54	33	965	820	1696	1e-61	  239
T79_L398.fasta	AT5G21040.1	68.50	943	221	54	33	965	672	1548	1e-61	  239
T79_L399.fasta	AT5G22130.2	75.65	230	44	8	85	313	504	722	2e-33	  143
T79_L399.fasta	AT5G22130.1	75.65	230	44	8	85	313	504	722	2e-33	  143
T79_L4.fasta	AT1G02020.2	75.13	193	47	1	136	328	1802	1993	4e-29	  129
T79_L4.fasta	AT1G02020.1	75.13	193	47	1	136	328	1802	1993	4e-29	  129
T79_L400.fasta	AT5G22130.2	78.43	204	35	7	19	222	872	1066	3e-36	  152
T79_L400.fasta	AT5G22130.1	78.43	204	35	7	19	222	872	1066	3e-36	  152
T79_L401.fasta	AT5G22130.2	66.37	568	157	27	46	609	1583	2120	1e-19	98.7
T79_L401.fasta	AT5G22130.1	66.37	568	157	27	46	609	1583	2120	1e-19	98.7
T79_L402.fasta	AT5G22830.1	82.76	116	15	5	40	155	1956	2066	9e-22	  104
T79_L404.fasta	AT5G24710.1	83.08	260	38	6	163	422	768	1021	2e-66	  253
T79_L405.fasta	AT5G24710.1	74.05	370	94	2	64	433	3847	4214	2e-59	  230
T79_L407.fasta	AT5G24710.1	71.04	259	47	11	41	299	6395	6625	9e-25	  114
T79_L41.fasta	AT1G31600.3	81.82	121	22	0	131	251	2490	2610	3e-26	  120
T79_L41.fasta	AT1G31600.3	80.21	96	15	4	338	433	2675	2766	1e-12	75.2
T79_L41.fasta	AT1G31600.2	81.82	121	22	0	131	251	2523	2643	3e-26	  120
T79_L41.fasta	AT1G31600.2	80.21	96	15	4	338	433	2708	2799	1e-12	75.2
T79_L41.fasta	AT1G31600.1	81.82	121	22	0	131	251	2528	2648	3e-26	  120
T79_L41.fasta	AT1G31600.1	80.21	96	15	4	338	433	2713	2804	1e-12	75.2
T79_L410.fasta	AT5G24740.1	76.70	279	61	4	91	369	14320	14594	1e-49	  197
T79_L411.fasta	AT5G24740.1	74.13	201	43	9	55	255	18957	19148	1e-20	  102
T79_L412.fasta	AT5G26040.2	75.14	177	42	2	209	385	940	1114	4e-25	  116
T79_L412.fasta	AT5G26040.1	75.14	177	42	2	209	385	940	1114	4e-25	  116
T79_L413.fasta	AT5G26180.2	88.89	54	5	1	15	68	2894	2946	5e-11	68.0
T79_L413.fasta	AT5G26180.1	88.89	54	5	1	15	68	2894	2946	5e-11	68.0
T79_L415.fasta	AT5G35220.1	74.54	487	103	13	16	502	598	1063	1e-76	  288
T79_L416.fasta	AT5G35220.1	73.86	176	35	9	33	207	2817	2982	3e-16	86.0
T79_L417.fasta	AT5G35400.2	77.13	188	40	3	26	213	2656	2840	6e-32	  138
T79_L417.fasta	AT5G35400.1	77.13	188	40	3	26	213	2653	2837	6e-32	  138
T79_L419.fasta	AT5G37530.2	74.46	231	50	5	235	463	1668	1891	3e-32	  140
T79_L419.fasta	AT5G37530.1	74.46	231	50	5	235	463	1638	1861	3e-32	  140
T79_L42.fasta	AT1G31730.1	72.82	563	132	18	33	595	263	804	2e-74	  280
T79_L422.fasta	AT5G38530.1	73.95	526	107	25	95	620	1162	1657	2e-69	  264
T79_L424.fasta	AT5G40660.1	79.44	214	36	7	206	419	379	584	2e-41	  170
T79_L425.fasta	AT5G40850.2	78.33	300	56	9	53	352	1846	2136	3e-57	  223
T79_L425.fasta	AT5G40850.1	78.33	300	56	9	53	352	1729	2019	3e-57	  223
T79_L425.fasta	AT3G30415.1	74.64	276	62	8	53	328	1229	1496	3e-38	  159
T79_L426.fasta	AT5G41150.2	77.98	336	67	7	212	547	573	901	2e-66	  253
T79_L426.fasta	AT5G41150.1	77.98	336	67	7	212	547	635	963	2e-66	  253
T79_L427.fasta	AT5G41150.1	81.85	270	45	4	225	494	3087	3352	3e-66	  253
T79_L428.fasta	AT5G41850.1	74.24	132	27	6	66	197	1302	1426	8e-12	71.6
T79_L429.fasta	AT5G42370.2	81.25	80	15	0	125	204	1514	1593	3e-13	77.0
T79_L429.fasta	AT5G42370.1	81.25	80	15	0	125	204	1505	1584	3e-13	77.0
T79_L43.fasta	AT1G31780.1	71.46	403	68	13	207	569	2020	2415	3e-51	  203
T79_L430.fasta	AT5G42760.2	71.47	631	151	17	29	658	668	1270	1e-76	  288
T79_L430.fasta	AT5G42760.1	71.47	631	151	17	29	658	553	1155	1e-76	  288
T79_L431.fasta	AT5G43600.1	70.00	170	33	9	107	274	2148	2301	3e-09	62.6
T79_L432.fasta	AT5G44750.2	68.18	352	81	13	8	349	2679	3009	1e-24	  114
T79_L432.fasta	AT5G44750.1	68.18	352	81	13	8	349	2679	3009	1e-24	  114
T79_L433.fasta	AT5G46420.1	69.84	305	66	8	24	328	1076	1354	4e-29	  129
T79_L434.fasta	AT5G48020.1	67.02	382	97	14	62	429	770	1136	2e-20	  100
T79_L435.fasta	AT5G48020.1	75.36	211	44	7	69	278	1388	1591	1e-28	  127
T79_L436.fasta	AT5G48470.1	85.98	164	20	3	69	232	726	886	6e-45	  181
T79_L437.fasta	AT5G48470.1	76.56	192	41	4	154	345	1261	1448	4e-30	  132
T79_L441.fasta	AT5G51220.1	74.29	210	48	6	74	283	650	853	2e-25	  116
T79_L442.fasta	AT5G51220.1	81.46	178	28	5	46	223	944	1116	2e-38	  159
T79_L445.fasta	AT5G52290.1	69.09	482	124	16	41	522	4378	4834	9e-40	  165
T79_L447.fasta	AT5G54080.2	72.30	148	37	4	46	193	86	229	5e-12	71.6
T79_L447.fasta	AT5G54080.1	72.30	148	37	4	46	193	86	229	5e-12	71.6
T79_L449.fasta	AT5G54080.2	69.38	356	92	13	160	508	879	1224	5e-29	  129
T79_L449.fasta	AT5G54080.1	69.38	356	92	13	160	508	879	1224	5e-29	  129
T79_L45.fasta	AT1G34380.2	73.19	235	56	7	30	264	1099	1326	2e-26	  120
T79_L45.fasta	AT1G34380.1	73.19	235	56	7	30	264	1079	1306	2e-26	  120
T79_L450.fasta	AT5G54080.2	87.65	162	19	1	245	406	1514	1674	3e-50	  199
T79_L450.fasta	AT5G54080.1	87.65	162	19	1	245	406	1514	1674	3e-50	  199
T79_L451.fasta	AT5G54520.1	72.78	496	123	10	58	552	766	1250	2e-67	  257
T79_L454.fasta	AT5G55500.1	72.73	165	38	6	134	298	1156	1313	6e-14	78.8
T79_L456.fasta	AT5G57040.1	80.38	209	35	6	184	392	837	1039	1e-42	  174
T79_L458.fasta	AT5G58250.1	75.32	235	50	7	53	287	385	611	4e-34	  145
T79_L459.fasta	AT5G58450.1	75.93	162	30	9	29	190	389	541	2e-17	89.7
T79_L461.fasta	AT5G58760.1	74.62	260	61	5	128	387	2098	2352	1e-37	  158
T79_L463.fasta	AT5G60590.2	71.25	313	73	14	36	346	930	1227	2e-26	  120
T79_L463.fasta	AT5G60590.1	71.25	313	73	14	36	346	934	1231	2e-26	  120
T79_L466.fasta	AT5G62840.1	75.46	216	46	6	53	268	553	761	7e-31	  134
T79_L467.fasta	AT5G63000.1	76.10	272	55	10	40	311	688	949	1e-41	  170
T79_L468.fasta	AT5G63040.2	72.62	325	67	11	50	374	1536	1838	2e-39	  163
T79_L468.fasta	AT5G63040.1	72.62	325	67	11	50	374	1467	1769	2e-39	  163
T79_L469.fasta	AT5G63040.2	69.47	190	53	5	1	190	1969	2153	3e-10	66.2
T79_L469.fasta	AT5G63040.1	69.47	190	53	5	1	190	1900	2084	3e-10	66.2
T79_L47.fasta	AT1G36310.2	73.66	524	122	11	146	667	337	846	3e-79	  297
T79_L47.fasta	AT1G36310.1	73.66	524	122	11	146	667	395	904	3e-79	  297
T79_L470.fasta	AT5G63200.1	72.73	231	57	6	98	327	3507	3732	1e-24	  114
T79_L474.fasta	AT5G64370.1	76.03	242	49	8	260	501	863	1095	1e-36	  154
T79_L474.fasta	AT5G64370.1	73.97	73	18	1	88	160	701	772	0.002	44.6
T79_L475.fasta	AT5G64370.1	84.36	243	30	8	60	302	1165	1399	7e-64	  244
T79_L476.fasta	AT5G64630.2	80.36	112	19	3	7	118	1087	1195	3e-19	96.9
T79_L476.fasta	AT5G64630.1	80.36	112	19	3	7	118	1087	1195	3e-19	96.9
T79_L476.fasta	AT5G64630.3	80.36	112	19	3	7	118	1001	1109	3e-19	96.9
T79_L478.fasta	AT5G66810.1	79.71	69	13	1	98	166	3067	3134	5e-08	59.0
T79_L48.fasta	AT1G45150.1	81.91	199	33	2	39	235	4254	4451	4e-48	  192
T79_L484.fasta	AT5G67530.1	77.11	249	52	5	108	356	1581	1824	4e-44	  179
T79_L49.fasta	AT1G48175.1	77.59	174	34	3	76	249	1001	1169	3e-30	  132
T79_L51.fasta	AT1G48270.1	81.25	176	31	2	221	396	701	874	2e-39	  163
T79_L53.fasta	AT1G48360.3	76.23	244	52	6	98	341	3534	3771	8e-39	  161
T79_L53.fasta	AT1G48360.2	76.23	244	52	6	98	341	3534	3771	8e-39	  161
T79_L53.fasta	AT1G48360.1	76.23	244	52	6	98	341	3534	3771	8e-39	  161
T79_L54.fasta	AT1G49380.1	77.63	228	47	4	50	277	548	771	2e-41	  170
T79_L55.fasta	AT1G49380.1	77.70	287	54	9	38	324	1057	1333	5e-52	  205
T79_L58.fasta	AT1G50575.1	71.04	335	88	7	232	566	1156	1481	2e-35	  150
T79_L59.fasta	AT1G52155.1	76.15	239	46	10	22	260	602	829	1e-34	  147
T79_L61.fasta	AT1G54350.1	77.33	75	17	0	282	356	471	545	5e-08	59.0
T79_L62.fasta	AT1G54350.1	73.62	345	81	10	120	463	611	946	3e-45	  183
T79_L64.fasta	AT1G54350.1	81.33	241	41	4	122	362	1282	1518	3e-56	  219
T79_L65.fasta	AT1G54355.1	80.95	126	21	3	226	351	489	367	1e-23	  111
T79_L65.fasta	AT1G54350.1	80.95	126	21	3	226	351	2947	3069	1e-23	  111
T79_L66.fasta	AT1G55870.2	72.94	170	35	10	141	310	258	416	2e-12	73.4
T79_L66.fasta	AT1G55870.1	72.94	170	35	10	141	310	238	396	2e-12	73.4
T79_L7.fasta	AT1G03190.2	77.53	405	81	10	176	580	1726	2120	9e-78	  291
T79_L7.fasta	AT1G03190.2	83.33	102	14	2	14	115	1524	1622	2e-21	  104
T79_L7.fasta	AT1G03190.1	77.53	405	81	10	176	580	1821	2215	9e-78	  291
T79_L7.fasta	AT1G03190.1	83.33	102	14	2	14	115	1619	1717	2e-21	  104
T79_L71.fasta	AT1G56230.2	72.22	162	41	3	334	495	1869	2026	3e-15	84.2
T79_L71.fasta	AT1G56230.1	72.22	162	41	3	334	495	1720	1877	3e-15	84.2
T79_L72.fasta	AT1G57770.1	74.79	234	49	9	61	294	517	740	3e-29	  129
T79_L73.fasta	AT1G57770.1	78.64	206	40	4	117	322	1443	1644	6e-39	  161
T79_L74.fasta	AT1G57770.1	75.62	160	34	3	246	405	2058	2212	4e-23	  109
T79_L77.fasta	AT1G59990.1	69.33	225	57	8	181	403	1933	2147	3e-13	77.0
T79_L78.fasta	AT1G59990.1	73.91	161	40	2	71	231	2231	2389	2e-19	96.9
T79_L8.fasta	AT1G03190.2	75.50	200	43	6	49	248	2254	2447	1e-27	  123
T79_L8.fasta	AT1G03190.1	75.50	200	43	6	49	248	2349	2542	1e-27	  123
T79_L81.fasta	AT1G63160.1	81.90	210	36	2	227	436	881	1088	3e-51	  203
T79_L82.fasta	AT1G63160.1	68.44	564	114	22	9	533	1174	1712	1e-49	  197
T79_L84.fasta	AT1G63680.1	81.58	190	32	3	63	252	2201	2387	9e-44	  178
T79_L88.fasta	AT1G70570.2	76.68	506	98	14	63	564	739	1228	1e-94	  347
T79_L88.fasta	AT1G70570.1	76.68	506	98	14	63	564	737	1226	1e-94	  347
T79_L90.fasta	AT1G71800.1	83.25	191	28	4	121	311	469	655	5e-47	  188
T79_L92.fasta	AT1G72990.2	77.36	212	40	7	36	247	733	936	1e-34	  147
T79_L92.fasta	AT1G72990.1	77.36	212	40	7	36	247	730	933	1e-34	  147
T79_L94.fasta	AT1G73180.2	71.88	409	93	13	18	425	1384	1771	2e-47	  190
T79_L94.fasta	AT1G73180.1	71.88	409	93	13	18	425	1384	1771	2e-47	  190
T79_L96.fasta	AT1G73820.1	79.15	235	42	6	20	254	54	281	4e-47	  188
T79_L97.fasta	AT1G73960.2	83.05	59	10	0	697	755	4550	4608	1e-08	62.6
T79_L97.fasta	AT1G73960.1	83.05	59	10	0	697	755	4550	4608	1e-08	62.6
T79_L99.fasta	AT1G74640.1	75.34	146	33	3	99	244	1196	1338	8e-18	91.5
